[2016-02-20 14:45:18.943] [INFO] conn-1 - |conn-1|0|getConnServerLoadNums|in:|{"chnlId":"mi"}|out:|{"loadNums":89,"connName":"conn-1","host":"10.136.50.94","port":"5000"}
[2016-02-20 14:45:19.148] [INFO] conn-1 - |conn-1|当前连接数：1
[2016-02-20 14:45:35.499] [INFO] conn-1 - |conn-1|srcLogin:|authInfo=bab&ts=20160220024535&type=verify-session
[2016-02-20 14:45:35.499] [INFO] conn-1 - |conn-1|sign:|b353dc08789ba02b4388abaeadbf3d5981fb360d
[2016-02-20 14:45:35.520] [INFO] conn-1 - |conn-1|STATUS: 200
[2016-02-20 14:45:35.521] [INFO] conn-1 - |conn-1|HEADERS: {"server":"Apache-Coyote/1.1","x-application-context":"application:18888","content-type":"application/json;charset=UTF-8","transfer-encoding":"chunked","date":"Sat, 20 Feb 2016 06:45:35 GMT","connection":"close"}
[2016-02-20 14:45:35.522] [INFO] conn-1 - |conn-1|BODY: {"code":"-99","msg":"syntax error, expect {, actual error, pos 0","eventTime":1455950735517,"timeZoneId":null,"data":null,"requestValue":null,"responseValue":null}
[2016-02-20 14:45:35.523] [INFO] conn-1 - |conn-1|JSON: {"code":"-99","msg":"syntax error, expect {, actual error, pos 0","eventTime":1455950735517,"timeZoneId":null,"data":null,"requestValue":null,"responseValue":null}
[2016-02-20 14:45:35.565] [INFO] conn-1 - |conn-1|0|loginGame|in:|{"authInfo":"bab","area":1,"code":0,"plat":3,"uuid":"bab"}|out:|{"uuid":"bab","loginState":"1","playerInfo":{"uuid":"bab","area":1,"userName":"bab","level":1,"curExp":0,"gold":0,"vip":0,"diamond":0,"power":1595,"posList":{"1":{"heroId":10013,"pos":4,"equipIdList":{"1":10103,"2":0,"3":0,"4":0,"5":0,"6":0}},"2":{"heroId":10003,"pos":5,"equipIdList":{"1":0,"2":0,"3":0,"4":0,"5":0,"6":0}},"3":{"heroId":10004,"pos":6,"equipIdList":{"1":0,"2":0,"3":0,"4":0,"5":0,"6":0}}},"equipList":{"1":{},"2":{},"3":{}},"teamList":{"10003":{"skillList":[],"heroId":"10003","curExp":0,"level":1,"star":1,"quality":0,"skillSlotList":{"1":{"skillId":0,"level":1},"2":{"skillId":0,"level":1},"3":{"skillId":0,"level":1},"4":{"skillId":0,"level":1},"5":{"skillId":0,"level":1},"6":{"skillId":0,"level":1}},"pos":5,"suitId1":11,"suitId2":15,"suitId3":13,"suitId4":15,"suitId5":14},"10004":{"skillList":[],"heroId":10004,"curExp":0,"level":1,"star":1,"quality":0,"skillSlotList":{"1":{"skillId":0,"level":1},"2":{"skillId":0,"level":1},"3":{"skillId":0,"level":1},"4":{"skillId":0,"level":1},"5":{"skillId":0,"level":1},"6":{"skillId":0,"level":1}},"pos":6,"suitId1":16,"suitId2":20,"suitId3":17,"suitId4":17,"suitId5":16},"10013":{"skillList":[],"heroId":10013,"curExp":0,"level":1,"star":1,"quality":0,"skillSlotList":{"1":{"skillId":0,"level":1},"2":{"skillId":0,"level":1},"3":{"skillId":0,"level":1},"4":{"skillId":0,"level":1},"5":{"skillId":0,"level":1},"6":{"skillId":0,"level":1}},"pos":4,"suitId1":65,"suitId2":62,"suitId3":65,"suitId4":65,"suitId5":62}},"bagList":{"max":100,"itemList":{"12001":{"num":99},"12007":{"num":99},"19205":{"num":1}},"equipList":{}}},"retCode":0}
[2016-02-20 14:45:44.931] [INFO] conn-1 - |conn-1|0|offlineProfit|in:|{}|out:|{"bagitem":{},"playerInfo":{"uuid":"bab","area":1,"userName":"bab","level":1,"curExp":0,"gold":0,"vip":0,"diamond":0,"power":500,"posList":{"1":{"heroId":10013,"pos":4,"equipIdList":{"1":10103,"2":0,"3":0,"4":0,"5":0,"6":0}},"2":{"heroId":10003,"pos":5,"equipIdList":{"1":0,"2":0,"3":0,"4":0,"5":0,"6":0}},"3":{"heroId":10004,"pos":6,"equipIdList":{"1":0,"2":0,"3":0,"4":0,"5":0,"6":0}}},"teamList":{"10003":{"skillList":[],"heroId":"10003","curExp":0,"level":1,"star":1,"quality":0,"skillSlotList":{"1":{"skillId":0,"level":1},"2":{"skillId":0,"level":1},"3":{"skillId":0,"level":1},"4":{"skillId":0,"level":1},"5":{"skillId":0,"level":1},"6":{"skillId":0,"level":1}},"pos":0,"suitId1":11,"suitId2":15,"suitId3":13,"suitId4":15,"suitId5":14},"10004":{"skillList":[],"heroId":10004,"curExp":0,"level":1,"star":1,"quality":0,"skillSlotList":{"1":{"skillId":0,"level":1},"2":{"skillId":0,"level":1},"3":{"skillId":0,"level":1},"4":{"skillId":0,"level":1},"5":{"skillId":0,"level":1},"6":{"skillId":0,"level":1}},"pos":0,"suitId1":16,"suitId2":20,"suitId3":17,"suitId4":17,"suitId5":16},"10013":{"skillList":[],"heroId":10013,"curExp":0,"level":1,"star":1,"quality":0,"skillSlotList":{"1":{"skillId":0,"level":1},"2":{"skillId":0,"level":1},"3":{"skillId":0,"level":1},"4":{"skillId":0,"level":1},"5":{"skillId":0,"level":1},"6":{"skillId":0,"level":1}},"pos":0,"suitId1":65,"suitId2":62,"suitId3":65,"suitId4":65,"suitId5":62}}},"gold":0,"exp":0,"action":0,"offTime":9,"retCode":0}
[2016-02-20 14:45:44.938] [INFO] conn-1 - |conn-1|0|ReceiveMail|in:|{}|out:|{"mailList":{},"retCode":0}
[2016-02-20 14:45:45.723] [INFO] conn-1 - |conn-1|0|setMaxPower|in:|{}|out:|{"retCode":0,"maxPower":1095}
[2016-02-20 14:45:47.021] [INFO] conn-1 - |conn-1|0|getRewardTime|in:|{}|out:|{"rewardCount":0,"step":1,"retCode":0}
[2016-02-20 14:46:05.982] [INFO] conn-1 - |conn-1|0|getGlobalMapInfo|in:|{}|out:|{"curNode":101201,"openNode":{"101102":{"process":0,"compAward":0},"101201":{"process":0,"compAward":0}},"timeNode":{},"retCode":0}
[2016-02-20 14:46:09.202] [INFO] conn-1 - |conn-1|0|enterMap|in:|{}|out:|{"x":9,"y":7,"ap":0,"uidList":{},"sign":{},"buff":{},"process":0,"retCode":0}
[2016-02-20 14:46:17.001] [INFO] conn-1 - |conn-1|0|walkPath|in:|{}|out:|{"nodeid":101102,"x":10,"y":10,"ap":4,"buff":{},"retCode":0}
[2016-02-20 14:46:28.191] [INFO] conn-1 - |conn-1|0|walkPath|in:|{}|out:|{"nodeid":101102,"x":7,"y":9,"ap":8,"buff":{},"retCode":0}
[2016-02-20 14:46:30.075] [INFO] conn-1 - |conn-1|0|changeState|in:|{}|out:|{"args":{"reward":{"team_exp":600,"itemList":{"12004":{"num":6},"19011":{"num":5},"19016":{"num":5},"19061":{"num":5}}},"process":10},"nodeid":101102,"uid":2220,"state":2,"retCode":0}
[2016-02-20 14:46:51.581] [INFO] conn-1 - |conn-1|0|walkPath|in:|{}|out:|{"nodeid":101102,"x":9,"y":10,"ap":11,"buff":{},"retCode":0}
[2016-02-20 14:46:54.345] [INFO] conn-1 - |conn-1|0|walkPath|in:|{}|out:|{"nodeid":101102,"x":10,"y":8,"ap":14,"buff":{},"retCode":0}
[2016-02-20 14:46:58.371] [INFO] conn-1 - |conn-1|0|walkPath|in:|{}|out:|{"nodeid":101102,"x":10,"y":10,"ap":16,"buff":{},"retCode":0}
[2016-02-20 14:47:00.527] [INFO] conn-1 - |conn-1|0|walkPath|in:|{}|out:|{"nodeid":101102,"x":9,"y":11,"ap":18,"buff":{},"retCode":0}
[2016-02-20 14:47:06.507] [INFO] conn-1 - |conn-1|0|walkPath|in:|{}|out:|{"nodeid":101102,"x":8,"y":13,"ap":21,"buff":{},"retCode":0}
[2016-02-20 14:47:11.439] [INFO] conn-1 - |conn-1|0|walkPath|in:|{}|out:|{"nodeid":101102,"x":9,"y":15,"ap":24,"buff":{},"retCode":0}
[2016-02-20 14:47:15.233] [INFO] conn-1 - |conn-1|0|changeState|in:|{}|out:|{"args":{"reward":{"gold":10000},"monsterid":10600101,"result":1,"seed":2042555,"process":20},"nodeid":101102,"uid":2457,"state":2,"retCode":0}
[2016-02-20 14:47:18.686] [INFO] conn-1 - |conn-1|0|getRewardTime|in:|{}|out:|{"rewardCount":0,"step":1,"retCode":0}
[2016-02-20 14:47:18.724] [INFO] conn-1 - |conn-1|0|getRewardTime|in:|{}|out:|{"rewardCount":0,"step":1,"retCode":0}
[2016-02-20 14:48:17.100] [INFO] conn-1 - |conn-1|0|enterMap|in:|{}|out:|{"x":9,"y":15,"ap":24,"uidList":{"2220":2,"2457":2},"sign":{},"buff":{},"process":20,"retCode":0}
[2016-02-20 14:48:19.242] [INFO] conn-1 - |conn-1|0|getHeroInfoList|in:|{}|out:|{"heroBookInfo":{"heroId1":10001,"heroId2":"10013","heroId3":"10004","summomNums":11,"countSummomNums":0,"shop1":19012,"shop2":19062,"shop3":19063,"shop4":19013,"shop5":19060,"refreshNums":3,"time":1455950735},"heroInfoList":{"10003":{"skillList":[],"heroId":"10003","curExp":0,"level":1,"star":1,"quality":0,"skillSlotList":{"1":{"skillId":0,"level":1},"2":{"skillId":0,"level":1},"3":{"skillId":0,"level":1},"4":{"skillId":0,"level":1},"5":{"skillId":0,"level":1},"6":{"skillId":0,"level":1}},"pos":0,"suitId1":11,"suitId2":15,"suitId3":13,"suitId4":15,"suitId5":14},"10004":{"skillList":[],"heroId":10004,"curExp":0,"level":1,"star":1,"quality":0,"skillSlotList":{"1":{"skillId":0,"level":1},"2":{"skillId":0,"level":1},"3":{"skillId":0,"level":1},"4":{"skillId":0,"level":1},"5":{"skillId":0,"level":1},"6":{"skillId":0,"level":1}},"pos":0,"suitId1":16,"suitId2":20,"suitId3":17,"suitId4":17,"suitId5":16},"10013":{"skillList":[],"heroId":10013,"curExp":0,"level":1,"star":1,"quality":0,"skillSlotList":{"1":{"skillId":0,"level":1},"2":{"skillId":0,"level":1},"3":{"skillId":0,"level":1},"4":{"skillId":0,"level":1},"5":{"skillId":0,"level":1},"6":{"skillId":0,"level":1}},"pos":0,"suitId1":65,"suitId2":62,"suitId3":65,"suitId4":65,"suitId5":62}},"retCode":0}
[2016-02-20 14:48:24.331] [INFO] conn-1 - |conn-1|0|makeHeroLineup|in:|{}|out:|{"isOk":1,"retCode":0}
[2016-02-20 14:52:30.476] [INFO] conn-1 - |conn-1|服务器断开了一个客户端
