[2016-01-19 15:37:48.903] [INFO] conn-1 - |conn-1||start|conn-1|10.136.50.94|5000
[2016-01-19 15:37:48.909] [INFO] conn-1 - |conn-1|服务器开始监听了：5000
[2016-01-19 15:38:52.500] [INFO] conn-1 - |conn-1||start|conn-1|10.136.50.94|5000
[2016-01-19 15:38:52.506] [INFO] conn-1 - |conn-1|服务器开始监听了：5000
[2016-01-19 15:40:50.255] [INFO] conn-1 - |conn-1||start|conn-1|10.136.50.94|5000
[2016-01-19 15:40:50.260] [INFO] conn-1 - |conn-1|服务器开始监听了：5000
[2016-01-19 16:01:08.301] [INFO] conn-1 - |conn-1||start|conn-1|10.136.50.94|5000
[2016-01-19 16:01:08.306] [INFO] conn-1 - |conn-1|服务器开始监听了：5000
[2016-01-19 16:02:23.820] [INFO] conn-1 - |conn-1||start|conn-1|10.136.50.94|5000
[2016-01-19 16:02:23.825] [INFO] conn-1 - |conn-1|服务器开始监听了：5000
[2016-01-19 16:50:30.088] [INFO] conn-1 - |conn-1||start|conn-1|10.136.50.94|5000
[2016-01-19 16:50:30.093] [INFO] conn-1 - |conn-1|服务器开始监听了：5000
[2016-01-19 23:20:46.820] [INFO] conn-1 - |conn-1|0|getConnServerLoadNums|in:|{"chnlId":"mi"}|out:|{"loadNums":0,"connName":"conn-1","host":"10.136.50.94","port":"5000"}
[2016-01-19 23:20:47.067] [INFO] conn-1 - |conn-1|当前连接数：1
[2016-01-19 23:21:33.350] [INFO] conn-1 - |conn-1|srcLogin:|authInfo=ff1&ts=20160119112133&type=verify-session
[2016-01-19 23:21:33.351] [INFO] conn-1 - |conn-1|sign:|b37058b2174427fae3044d4dbccf6c47f823aba2
[2016-01-19 23:21:33.368] [INFO] conn-1 - |conn-1|STATUS: 200
[2016-01-19 23:21:33.368] [INFO] conn-1 - |conn-1|HEADERS: {"server":"Apache-Coyote/1.1","x-application-context":"application:18888","content-type":"application/json;charset=UTF-8","transfer-encoding":"chunked","date":"Tue, 19 Jan 2016 15:21:33 GMT","connection":"close"}
[2016-01-19 23:21:33.370] [INFO] conn-1 - |conn-1|BODY: {"code":"-99","msg":"not close json text, token : error","eventTime":1453216893359,"data":null,"requestValue":null,"responseValue":null}
[2016-01-19 23:21:33.372] [INFO] conn-1 - |conn-1|JSON: {"code":"-99","msg":"not close json text, token : error","eventTime":1453216893359,"data":null,"requestValue":null,"responseValue":null}
[2016-01-19 23:21:33.417] [INFO] conn-1 - |conn-1|0|loginGame|in:|{"authInfo":"ff1","area":1,"code":0,"plat":3,"uuid":"ff1"}|out:|{"uuid":"ff1","loginState":"1","playerInfo":{"uuid":"ff1","area":1,"userName":"ff1","level":1,"curExp":0,"gold":0,"vip":0,"diamond":0,"power":1595,"posList":{"1":{"heroId":-1,"pos":4,"equipIdList":{"1":10103,"2":0,"3":0,"4":0,"5":0,"6":0}},"2":{"heroId":10003,"pos":5,"equipIdList":{"1":0,"2":0,"3":0,"4":0,"5":0,"6":0}},"3":{"heroId":-1,"pos":6,"equipIdList":{"1":0,"2":0,"3":0,"4":0,"5":0,"6":0}}},"equipList":{"1":{},"2":{},"3":{}},"teamList":{"10003":{"skillList":[],"heroId":"10003","curExp":0,"level":1,"star":1,"quality":0,"skillSlotList":{"1":{"skillId":0,"level":1},"2":{"skillId":0,"level":1},"3":{"skillId":0,"level":1},"4":{"skillId":0,"level":1},"5":{"skillId":0,"level":1},"6":{"skillId":0,"level":1}},"pos":5,"suitId1":14,"suitId2":11,"suitId3":11,"suitId4":11,"suitId5":15}},"bagList":{"max":100,"itemList":{"12001":{"num":99},"12007":{"num":99},"19205":{"num":1}},"equipList":{}}},"retCode":0}
[2016-01-19 23:21:42.629] [INFO] conn-1 - |conn-1|0|offlineProfit|in:|{}|out:|{"bagitem":{},"playerInfo":{"uuid":"ff1","area":1,"userName":"ff1","level":1,"curExp":0,"gold":0,"vip":0,"diamond":0,"power":500,"posList":{"1":{"heroId":-1,"pos":4,"equipIdList":{"1":10103,"2":0,"3":0,"4":0,"5":0,"6":0}},"2":{"heroId":10003,"pos":5,"equipIdList":{"1":0,"2":0,"3":0,"4":0,"5":0,"6":0}},"3":{"heroId":-1,"pos":6,"equipIdList":{"1":0,"2":0,"3":0,"4":0,"5":0,"6":0}}},"teamList":{"10003":{"skillList":[],"heroId":"10003","curExp":0,"level":1,"star":1,"quality":0,"skillSlotList":{"1":{"skillId":0,"level":1},"2":{"skillId":0,"level":1},"3":{"skillId":0,"level":1},"4":{"skillId":0,"level":1},"5":{"skillId":0,"level":1},"6":{"skillId":0,"level":1}},"pos":0,"suitId1":14,"suitId2":11,"suitId3":11,"suitId4":11,"suitId5":15}}},"gold":0,"exp":0,"action":0,"offTime":9,"retCode":0}
[2016-01-19 23:21:42.637] [INFO] conn-1 - |conn-1|0|ReceiveMail|in:|{}|out:|{"mailList":{},"retCode":0}
[2016-01-19 23:21:43.218] [INFO] conn-1 - |conn-1|0|setMaxPower|in:|{}|out:|{"retCode":0,"maxPower":365}
[2016-01-19 23:21:43.481] [INFO] conn-1 - |conn-1|0|getRewardTime|in:|{}|out:|{"rewardCount":0,"step":1,"retCode":0}
[2016-01-19 23:21:52.539] [INFO] conn-1 - |conn-1|0|getRewardTime|in:|{}|out:|{"rewardCount":0,"step":1,"retCode":0}
[2016-01-19 23:22:14.477] [INFO] conn-1 - |conn-1|0|onlineProfit|in:|{}|out:|{"bagitem":{},"playerInfo":{"uuid":"ff1","area":1,"userName":"ff1","level":2,"curExp":2,"gold":100,"vip":0,"diamond":0,"power":365,"posList":{"1":{"heroId":-1,"pos":4,"equipIdList":{"1":10103,"2":0,"3":0,"4":0,"5":0,"6":0}},"2":{"heroId":10003,"pos":5,"equipIdList":{"1":0,"2":0,"3":0,"4":0,"5":0,"6":0}},"3":{"heroId":-1,"pos":6,"equipIdList":{"1":0,"2":0,"3":0,"4":0,"5":0,"6":0}}},"teamList":{"10003":{"skillList":[],"heroId":"10003","curExp":2,"level":2,"star":1,"quality":0,"skillSlotList":{"1":{"skillId":0,"level":1},"2":{"skillId":0,"level":1},"3":{"skillId":0,"level":1},"4":{"skillId":0,"level":1},"5":{"skillId":0,"level":1},"6":{"skillId":0,"level":1}},"pos":0,"suitId1":14,"suitId2":11,"suitId3":11,"suitId4":11,"suitId5":15}}},"gold":100,"exp":7,"action":0,"retCode":0}
[2016-01-19 23:22:14.486] [INFO] conn-1 - |conn-1|0|getRewardTime|in:|{}|out:|{"rewardCount":1,"step":1,"retCode":0}
[2016-01-19 23:22:14.872] [INFO] conn-1 - |conn-1|0|setMaxPower|in:|{}|out:|{"retCode":0,"maxPower":380}
[2016-01-19 23:22:21.865] [INFO] conn-1 - |conn-1|0|getHeroInfoList|in:|{}|out:|{"heroBookInfo":{"heroId1":10001,"heroId2":"10013","heroId3":"10004","summomNums":0,"countSummomNums":0,"shop1":19021,"shop2":19012,"shop3":19067,"shop4":19008,"shop5":19013,"refreshNums":3,"time":1453216893},"heroInfoList":{"10003":{"skillList":[],"heroId":"10003","curExp":2,"level":2,"star":1,"quality":0,"skillSlotList":{"1":{"skillId":0,"level":1},"2":{"skillId":0,"level":1},"3":{"skillId":0,"level":1},"4":{"skillId":0,"level":1},"5":{"skillId":0,"level":1},"6":{"skillId":0,"level":1}},"pos":0,"suitId1":14,"suitId2":11,"suitId3":11,"suitId4":11,"suitId5":15},"10004":{"skillList":[],"heroId":10004,"curExp":0,"level":1,"star":1,"quality":0,"skillSlotList":{"1":{"skillId":0,"level":1},"2":{"skillId":0,"level":1},"3":{"skillId":0,"level":1},"4":{"skillId":0,"level":1},"5":{"skillId":0,"level":1},"6":{"skillId":0,"level":1}},"pos":0,"suitId1":17,"suitId2":17,"suitId3":16,"suitId4":18,"suitId5":18},"10013":{"skillList":[],"heroId":10013,"curExp":0,"level":1,"star":1,"quality":0,"skillSlotList":{"1":{"skillId":0,"level":1},"2":{"skillId":0,"level":1},"3":{"skillId":0,"level":1},"4":{"skillId":0,"level":1},"5":{"skillId":0,"level":1},"6":{"skillId":0,"level":1}},"pos":0,"suitId1":62,"suitId2":62,"suitId3":64,"suitId4":61,"suitId5":64}},"retCode":0}
[2016-01-19 23:22:23.881] [INFO] conn-1 - |conn-1|0|getGlobalMapInfo|in:|{}|out:|{"curNode":101201,"openNode":{"101102":{"process":0,"compAward":0},"101201":{"process":0,"compAward":0}},"timeNode":{},"retCode":0}
[2016-01-19 23:22:28.051] [INFO] conn-1 - |conn-1|0|changeAfk|in:|{}|out:|{"proAfkTime":"2016-01-19T15:22:14.472Z","victoryTime":1,"fightTime":1,"rewardTime":0,"retCode":0}
[2016-01-19 23:22:28.657] [INFO] conn-1 - |conn-1|0|getRewardTime|in:|{}|out:|{"rewardCount":1,"step":1,"retCode":0}
[2016-01-19 23:22:37.653] [INFO] conn-1 - |conn-1|0|getPresent|in:|{}|out:|{"bagitem":{},"playerInfo":{"uuid":"ff1","area":1,"userName":"ff1","level":2,"curExp":2,"gold":100,"vip":0,"diamond":0,"power":380,"posList":{"1":{"heroId":-1,"pos":4,"equipIdList":{"1":10103,"2":0,"3":0,"4":0,"5":0,"6":0}},"2":{"heroId":10003,"pos":5,"equipIdList":{"1":0,"2":0,"3":0,"4":0,"5":0,"6":0}},"3":{"heroId":-1,"pos":6,"equipIdList":{"1":0,"2":0,"3":0,"4":0,"5":0,"6":0}}},"teamList":{"10003":{"skillList":[],"heroId":"10003","curExp":2,"level":2,"star":1,"quality":0,"skillSlotList":{"1":{"skillId":0,"level":1},"2":{"skillId":0,"level":1},"3":{"skillId":0,"level":1},"4":{"skillId":0,"level":1},"5":{"skillId":0,"level":1},"6":{"skillId":0,"level":1}},"pos":5,"suitId1":14,"suitId2":11,"suitId3":11,"suitId4":11,"suitId5":15}}},"gold":0,"exp":0,"action":0,"rewardCount":0,"step":2,"retCode":0}
[2016-01-19 23:22:48.661] [INFO] conn-1 - |conn-1|0|getGlobalMapInfo|in:|{}|out:|{"curNode":101201,"openNode":{"101102":{"process":0,"compAward":0},"101201":{"process":0,"compAward":0}},"timeNode":{},"retCode":0}
[2016-01-19 23:22:50.362] [INFO] conn-1 - |conn-1|0|onlineProfit|in:|{}|out:|{"bagitem":{},"playerInfo":{"uuid":"ff1","area":1,"userName":"ff1","level":2,"curExp":9,"gold":200,"vip":0,"diamond":0,"power":380,"posList":{"1":{"heroId":-1,"pos":4,"equipIdList":{"1":10103,"2":0,"3":0,"4":0,"5":0,"6":0}},"2":{"heroId":10003,"pos":5,"equipIdList":{"1":0,"2":0,"3":0,"4":0,"5":0,"6":0}},"3":{"heroId":-1,"pos":6,"equipIdList":{"1":0,"2":0,"3":0,"4":0,"5":0,"6":0}}},"teamList":{"10003":{"skillList":[],"heroId":"10003","curExp":9,"level":2,"star":1,"quality":0,"skillSlotList":{"1":{"skillId":0,"level":1},"2":{"skillId":0,"level":1},"3":{"skillId":0,"level":1},"4":{"skillId":0,"level":1},"5":{"skillId":0,"level":1},"6":{"skillId":0,"level":1}},"pos":0,"suitId1":14,"suitId2":11,"suitId3":11,"suitId4":11,"suitId5":15}}},"gold":100,"exp":7,"action":0,"retCode":0}
[2016-01-19 23:22:50.370] [INFO] conn-1 - |conn-1|0|getRewardTime|in:|{}|out:|{"rewardCount":1,"step":2,"retCode":0}
[2016-01-19 23:22:55.650] [INFO] conn-1 - |conn-1|0|getHeroInfoList|in:|{}|out:|{"heroBookInfo":{"heroId1":10001,"heroId2":"10013","heroId3":"10004","summomNums":0,"countSummomNums":0,"shop1":19021,"shop2":19012,"shop3":19067,"shop4":19008,"shop5":19013,"refreshNums":3,"time":1453216893},"heroInfoList":{"10003":{"skillList":[],"heroId":"10003","curExp":9,"level":2,"star":1,"quality":0,"skillSlotList":{"1":{"skillId":0,"level":1},"2":{"skillId":0,"level":1},"3":{"skillId":0,"level":1},"4":{"skillId":0,"level":1},"5":{"skillId":0,"level":1},"6":{"skillId":0,"level":1}},"pos":0,"suitId1":14,"suitId2":11,"suitId3":11,"suitId4":11,"suitId5":15},"10004":{"skillList":[],"heroId":10004,"curExp":0,"level":1,"star":1,"quality":0,"skillSlotList":{"1":{"skillId":0,"level":1},"2":{"skillId":0,"level":1},"3":{"skillId":0,"level":1},"4":{"skillId":0,"level":1},"5":{"skillId":0,"level":1},"6":{"skillId":0,"level":1}},"pos":0,"suitId1":17,"suitId2":17,"suitId3":16,"suitId4":18,"suitId5":18},"10013":{"skillList":[],"heroId":10013,"curExp":0,"level":1,"star":1,"quality":0,"skillSlotList":{"1":{"skillId":0,"level":1},"2":{"skillId":0,"level":1},"3":{"skillId":0,"level":1},"4":{"skillId":0,"level":1},"5":{"skillId":0,"level":1},"6":{"skillId":0,"level":1}},"pos":0,"suitId1":62,"suitId2":62,"suitId3":64,"suitId4":61,"suitId5":64}},"retCode":0}
[2016-01-19 23:23:13.086] [INFO] conn-1 - |conn-1|0|onlineProfit|in:|{}|out:|{"bagitem":{},"playerInfo":{"uuid":"ff1","area":1,"userName":"ff1","level":3,"curExp":6,"gold":300,"vip":0,"diamond":0,"power":380,"posList":{"1":{"heroId":-1,"pos":4,"equipIdList":{"1":10103,"2":0,"3":0,"4":0,"5":0,"6":0}},"2":{"heroId":10003,"pos":5,"equipIdList":{"1":0,"2":0,"3":0,"4":0,"5":0,"6":0}},"3":{"heroId":-1,"pos":6,"equipIdList":{"1":0,"2":0,"3":0,"4":0,"5":0,"6":0}}},"teamList":{"10003":{"skillList":[],"heroId":"10003","curExp":6,"level":3,"star":1,"quality":0,"skillSlotList":{"1":{"skillId":0,"level":1},"2":{"skillId":0,"level":1},"3":{"skillId":0,"level":1},"4":{"skillId":0,"level":1},"5":{"skillId":0,"level":1},"6":{"skillId":0,"level":1}},"pos":0,"suitId1":14,"suitId2":11,"suitId3":11,"suitId4":11,"suitId5":15}}},"gold":100,"exp":7,"action":0,"retCode":0}
[2016-01-19 23:23:13.095] [INFO] conn-1 - |conn-1|0|getRewardTime|in:|{}|out:|{"rewardCount":2,"step":2,"retCode":0}
[2016-01-19 23:23:13.321] [INFO] conn-1 - |conn-1|0|setMaxPower|in:|{}|out:|{"retCode":0,"maxPower":395}
[2016-01-19 23:23:36.014] [INFO] conn-1 - |conn-1|0|getGlobalMapInfo|in:|{}|out:|{"curNode":101201,"openNode":{"101102":{"process":0,"compAward":0},"101201":{"process":0,"compAward":0}},"timeNode":{},"retCode":0}
[2016-01-19 23:23:36.416] [INFO] conn-1 - |conn-1|0|onlineProfit|in:|{}|out:|{"bagitem":{},"playerInfo":{"uuid":"ff1","area":1,"userName":"ff1","level":3,"curExp":13,"gold":400,"vip":0,"diamond":0,"power":395,"posList":{"1":{"heroId":-1,"pos":4,"equipIdList":{"1":10103,"2":0,"3":0,"4":0,"5":0,"6":0}},"2":{"heroId":10003,"pos":5,"equipIdList":{"1":0,"2":0,"3":0,"4":0,"5":0,"6":0}},"3":{"heroId":-1,"pos":6,"equipIdList":{"1":0,"2":0,"3":0,"4":0,"5":0,"6":0}}},"teamList":{"10003":{"skillList":[],"heroId":"10003","curExp":13,"level":3,"star":1,"quality":0,"skillSlotList":{"1":{"skillId":0,"level":1},"2":{"skillId":0,"level":1},"3":{"skillId":0,"level":1},"4":{"skillId":0,"level":1},"5":{"skillId":0,"level":1},"6":{"skillId":0,"level":1}},"pos":0,"suitId1":14,"suitId2":11,"suitId3":11,"suitId4":11,"suitId5":15}}},"gold":100,"exp":7,"action":0,"retCode":0}
[2016-01-19 23:23:36.424] [INFO] conn-1 - |conn-1|0|getRewardTime|in:|{}|out:|{"rewardCount":3,"step":2,"retCode":0}
[2016-01-19 23:23:44.560] [INFO] conn-1 - |conn-1|0|enterMap|in:|{}|out:|{"x":9,"y":7,"uidList":{},"sign":{},"buff":{},"ap":0,"retCode":0}
[2016-01-19 23:23:57.515] [INFO] conn-1 - |conn-1|服务器断开了一个客户端
[2016-01-19 23:24:04.737] [INFO] conn-1 - |conn-1|0|getConnServerLoadNums|in:|{"chnlId":"mi"}|out:|{"loadNums":1,"connName":"conn-1","host":"10.136.50.94","port":"5000"}
[2016-01-19 23:24:05.043] [INFO] conn-1 - |conn-1|当前连接数：1
[2016-01-19 23:24:23.298] [INFO] conn-1 - |conn-1|srcLogin:|authInfo=ff1&ts=20160119112423&type=verify-session
[2016-01-19 23:24:23.299] [INFO] conn-1 - |conn-1|sign:|c9381a54494c9ddc358678d653fac40892d307da
[2016-01-19 23:24:23.310] [INFO] conn-1 - |conn-1|STATUS: 200
[2016-01-19 23:24:23.310] [INFO] conn-1 - |conn-1|HEADERS: {"server":"Apache-Coyote/1.1","x-application-context":"application:18888","content-type":"application/json;charset=UTF-8","transfer-encoding":"chunked","date":"Tue, 19 Jan 2016 15:24:23 GMT","connection":"close"}
[2016-01-19 23:24:23.311] [INFO] conn-1 - |conn-1|BODY: {"code":"-99","msg":"not close json text, token : error","eventTime":1453217063315,"data":null,"requestValue":null,"responseValue":null}
[2016-01-19 23:24:23.312] [INFO] conn-1 - |conn-1|JSON: {"code":"-99","msg":"not close json text, token : error","eventTime":1453217063315,"data":null,"requestValue":null,"responseValue":null}
[2016-01-19 23:24:23.313] [INFO] conn-1 - |conn-1|0|kickClientOffline|in:|{}|out:|{"uuid":"ff1","area":1}
[2016-01-19 23:24:23.319] [INFO] conn-1 - |conn-1|0|loginGame|in:|{"authInfo":"ff1","area":1,"code":0,"plat":3,"uuid":"ff1","myOnlineInfo":{"sessionId":2,"connId":"conn-1"}}|out:|{"uuid":"ff1","loginState":"1","playerInfo":{"uuid":"ff1","area":1,"userName":"ff1","level":3,"curExp":13,"gold":400,"vip":0,"diamond":0,"power":395,"posList":{"1":{"heroId":-1,"pos":4,"equipIdList":{"1":10103,"2":0,"3":0,"4":0,"5":0,"6":0}},"2":{"heroId":10003,"pos":5,"equipIdList":{"1":0,"2":0,"3":0,"4":0,"5":0,"6":0}},"3":{"heroId":-1,"pos":6,"equipIdList":{"1":0,"2":0,"3":0,"4":0,"5":0,"6":0}}},"teamList":{"10003":{"skillList":[],"heroId":"10003","curExp":13,"level":3,"star":1,"quality":0,"skillSlotList":{"1":{"skillId":0,"level":1},"2":{"skillId":0,"level":1},"3":{"skillId":0,"level":1},"4":{"skillId":0,"level":1},"5":{"skillId":0,"level":1},"6":{"skillId":0,"level":1}},"pos":5,"suitId1":14,"suitId2":11,"suitId3":11,"suitId4":11,"suitId5":15}},"bagList":{"max":100,"itemList":{"12001":{"num":99},"12007":{"num":99},"19205":{"num":1}},"equipList":{}},"equipList":{"1":{},"2":{},"3":{}}},"retCode":0}
[2016-01-19 23:24:31.884] [INFO] conn-1 - |conn-1|0|offlineProfit|in:|{}|out:|{"bagitem":{},"playerInfo":{"uuid":"ff1","area":1,"userName":"ff1","level":3,"curExp":13,"gold":400,"vip":0,"diamond":0,"power":395,"posList":{"1":{"heroId":-1,"pos":4,"equipIdList":{"1":10103,"2":0,"3":0,"4":0,"5":0,"6":0}},"2":{"heroId":10003,"pos":5,"equipIdList":{"1":0,"2":0,"3":0,"4":0,"5":0,"6":0}},"3":{"heroId":-1,"pos":6,"equipIdList":{"1":0,"2":0,"3":0,"4":0,"5":0,"6":0}}},"teamList":{"10003":{"skillList":[],"heroId":"10003","curExp":13,"level":3,"star":1,"quality":0,"skillSlotList":{"1":{"skillId":0,"level":1},"2":{"skillId":0,"level":1},"3":{"skillId":0,"level":1},"4":{"skillId":0,"level":1},"5":{"skillId":0,"level":1},"6":{"skillId":0,"level":1}},"pos":0,"suitId1":14,"suitId2":11,"suitId3":11,"suitId4":11,"suitId5":15}}},"gold":0,"exp":0,"action":0,"offTime":34,"retCode":0}
[2016-01-19 23:24:31.889] [INFO] conn-1 - |conn-1|0|ReceiveMail|in:|{}|out:|{"mailList":{},"retCode":0}
[2016-01-19 23:24:32.535] [INFO] conn-1 - |conn-1|0|setMaxPower|in:|{}|out:|{"retCode":0,"maxPower":395}
[2016-01-19 23:24:32.683] [INFO] conn-1 - |conn-1|0|getRewardTime|in:|{}|out:|{"rewardCount":3,"step":2,"retCode":0}
[2016-01-19 23:24:39.319] [INFO] conn-1 - |conn-1|0|getGlobalMapInfo|in:|{}|out:|{"curNode":101102,"openNode":{"101102":{"process":0,"compAward":0},"101201":{"process":0,"compAward":0}},"timeNode":{},"retCode":0}
[2016-01-19 23:24:46.403] [INFO] conn-1 - |conn-1|0|getGlobalMapInfo|in:|{}|out:|{"curNode":101102,"openNode":{"101102":{"process":0,"compAward":0},"101201":{"process":0,"compAward":0}},"timeNode":{},"retCode":0}
[2016-01-19 23:24:50.189] [INFO] conn-1 - |conn-1|0|getRewardTime|in:|{}|out:|{"rewardCount":3,"step":2,"retCode":0}
[2016-01-19 23:25:00.702] [INFO] conn-1 - |conn-1|0|getGlobalMapInfo|in:|{}|out:|{"curNode":101102,"openNode":{"101102":{"process":0,"compAward":0},"101201":{"process":0,"compAward":0}},"timeNode":{},"retCode":0}
[2016-01-19 23:25:03.167] [INFO] conn-1 - |conn-1|0|enterMap|in:|{}|out:|{"x":9,"y":7,"uidList":{},"sign":{},"buff":{},"ap":0,"retCode":0}
[2016-01-19 23:25:08.797] [INFO] conn-1 - |conn-1|服务器断开了一个客户端
