[2016-01-21 14:55:25.849] [DEBUG] 9998-roll - |9998|init_data start
[2016-01-21 14:55:25.853] [DEBUG] 9998-roll - |9998|createPvpDay|1
[2016-01-21 14:55:25.854] [DEBUG] 9998-roll - |9998|createPvpDay|2
[2016-01-21 14:55:25.854] [DEBUG] 9998-roll - |9998|createPvpDay|3
[2016-01-21 14:55:25.860] [DEBUG] 9998-roll - |9998|createHero|10007
[2016-01-21 14:55:25.861] [DEBUG] 9998-roll - |9998|createHero|10008
[2016-01-21 14:55:25.862] [DEBUG] 9998-roll - |9998|createHero|10009
[2016-01-21 14:55:25.862] [DEBUG] 9998-roll - |9998|createHero|10010
[2016-01-21 14:55:25.862] [DEBUG] 9998-roll - |9998|createHero|10011
[2016-01-21 14:55:25.862] [DEBUG] 9998-roll - |9998|createHero|10012
[2016-01-21 14:55:25.863] [DEBUG] 9998-roll - |9998|createHero|10010
[2016-01-21 14:55:25.863] [DEBUG] 9998-roll - |9998|createHero|10011
[2016-01-21 14:55:25.863] [DEBUG] 9998-roll - |9998|createHero|10012
[2016-01-21 14:55:25.863] [DEBUG] 9998-roll - |9998|createHero|10010
[2016-01-21 14:55:25.864] [DEBUG] 9998-roll - |9998|createHero|10011
[2016-01-21 14:55:25.864] [DEBUG] 9998-roll - |9998|createHero|10012
[2016-01-21 14:55:25.865] [DEBUG] 9998-roll - |9998|createHero|10010
[2016-01-21 14:55:25.865] [DEBUG] 9998-roll - |9998|createHero|10011
[2016-01-21 14:55:25.865] [DEBUG] 9998-roll - |9998|createHero|10012
[2016-01-21 14:55:25.865] [DEBUG] 9998-roll - |9998|createHero|10010
[2016-01-21 14:55:25.866] [DEBUG] 9998-roll - |9998|createHero|10011
[2016-01-21 14:55:25.867] [DEBUG] 9998-roll - |9998|createHero|10012
[2016-01-21 14:55:25.867] [DEBUG] 9998-roll - |9998|createHero|10007
[2016-01-21 14:55:25.867] [DEBUG] 9998-roll - |9998|createHero|10008
[2016-01-21 14:55:25.867] [DEBUG] 9998-roll - |9998|createHero|10009
[2016-01-21 14:55:25.867] [DEBUG] 9998-roll - |9998|createHero|10007
[2016-01-21 14:55:25.868] [DEBUG] 9998-roll - |9998|createHero|10008
[2016-01-21 14:55:25.868] [DEBUG] 9998-roll - |9998|createHero|10009
[2016-01-21 14:55:25.869] [DEBUG] 9998-roll - |9998|createHero|10007
[2016-01-21 14:55:25.869] [DEBUG] 9998-roll - |9998|createHero|10008
[2016-01-21 14:55:25.869] [DEBUG] 9998-roll - |9998|createHero|10009
[2016-01-21 14:55:25.869] [DEBUG] 9998-roll - |9998|createHero|10007
[2016-01-21 14:55:25.870] [DEBUG] 9998-roll - |9998|createHero|10008
[2016-01-21 14:55:25.870] [DEBUG] 9998-roll - |9998|createHero|10009
[2016-01-21 14:55:25.870] [DEBUG] 9998-roll - |9998|createHero|10007
[2016-01-21 14:55:25.871] [DEBUG] 9998-roll - |9998|createHero|10008
[2016-01-21 14:55:25.871] [DEBUG] 9998-roll - |9998|createHero|10009
[2016-01-21 14:55:25.871] [DEBUG] 9998-roll - |9998|createHero|10010
[2016-01-21 14:55:25.871] [DEBUG] 9998-roll - |9998|createHero|10011
[2016-01-21 14:55:25.871] [DEBUG] 9998-roll - |9998|createHero|10012
[2016-01-21 14:55:25.872] [DEBUG] 9998-roll - |9998|power|158.3325|105.445|101.36125|365.13875
[2016-01-21 14:55:25.872] [DEBUG] 9998-roll - |9998|power|170.244|108.964|102.241|381.44899999999996
[2016-01-21 14:55:25.872] [DEBUG] 9998-roll - |9998|power|174.1425|116.911|104.22775|395.28125
[2016-01-21 14:55:25.873] [DEBUG] 9998-roll - |9998|getEquipPower|10102
[2016-01-21 14:55:25.873] [DEBUG] 9998-roll - |9998|getEquipPower|10102
[2016-01-21 14:55:25.873] [DEBUG] 9998-roll - |9998|getEquipPower|10102
[2016-01-21 14:55:25.874] [DEBUG] 9998-roll - |9998|power|342.09000000000003|226.95|146.7375|715.7774999999999
[2016-01-21 14:55:25.874] [DEBUG] 9998-roll - |9998|power|333|234.375|148.575|715.95
[2016-01-21 14:55:25.874] [DEBUG] 9998-roll - |9998|power|349.695|222.825|145.70625|718.2262499999999
[2016-01-21 14:55:25.874] [DEBUG] 9998-roll - |9998|getEquipPower|10102
[2016-01-21 14:55:25.874] [DEBUG] 9998-roll - |9998|getEquipPower|10107
[2016-01-21 14:55:25.874] [DEBUG] 9998-roll - |9998|getEquipPower|10111
[2016-01-21 14:55:25.875] [DEBUG] 9998-roll - |9998|power|350.50800000000004|232.34|148.085|730.9330000000001
[2016-01-21 14:55:25.875] [DEBUG] 9998-roll - |9998|power|339.6|241.25|150.29|731.14
[2016-01-21 14:55:25.875] [DEBUG] 9998-roll - |9998|power|359.634|227.39|146.8475|733.8715
[2016-01-21 14:55:25.875] [DEBUG] 9998-roll - |9998|getEquipPower|10102
[2016-01-21 14:55:25.875] [DEBUG] 9998-roll - |9998|getEquipPower|10102
[2016-01-21 14:55:25.876] [DEBUG] 9998-roll - |9998|getEquipPower|10102
[2016-01-21 14:55:25.876] [DEBUG] 9998-roll - |9998|power|358.92600000000004|237.73000000000002|149.4325|746.0885000000001
[2016-01-21 14:55:25.876] [DEBUG] 9998-roll - |9998|power|346.2|248.125|152.005|746.33
[2016-01-21 14:55:25.876] [DEBUG] 9998-roll - |9998|power|369.573|231.955|147.98874999999998|749.51675
[2016-01-21 14:55:25.876] [DEBUG] 9998-roll - |9998|getEquipPower|10102
[2016-01-21 14:55:25.876] [DEBUG] 9998-roll - |9998|getEquipPower|10107
[2016-01-21 14:55:25.877] [DEBUG] 9998-roll - |9998|getEquipPower|10111
[2016-01-21 14:55:25.877] [DEBUG] 9998-roll - |9998|power|367.344|243.12|150.78|761.2439999999999
[2016-01-21 14:55:25.878] [DEBUG] 9998-roll - |9998|power|352.8|255|153.72|761.52
[2016-01-21 14:55:25.880] [DEBUG] 9998-roll - |9998|power|379.512|236.52|149.13|765.162
[2016-01-21 14:55:25.881] [DEBUG] 9998-roll - |9998|getEquipPower|10102
[2016-01-21 14:55:25.881] [DEBUG] 9998-roll - |9998|getEquipPower|10107
[2016-01-21 14:55:25.881] [DEBUG] 9998-roll - |9998|getEquipPower|10111
[2016-01-21 14:55:25.882] [DEBUG] 9998-roll - |9998|power|375.762|248.51|152.1275|776.3995
[2016-01-21 14:55:25.882] [DEBUG] 9998-roll - |9998|power|359.4|261.875|155.435|776.71
[2016-01-21 14:55:25.882] [DEBUG] 9998-roll - |9998|power|389.451|241.085|150.27125|780.8072500000001
[2016-01-21 14:55:25.882] [DEBUG] 9998-roll - |9998|getEquipPower|10102
[2016-01-21 14:55:25.882] [DEBUG] 9998-roll - |9998|getEquipPower|10107
[2016-01-21 14:55:25.883] [DEBUG] 9998-roll - |9998|getEquipPower|10111
[2016-01-21 14:55:25.883] [DEBUG] 9998-roll - |9998|power|383.325|254.45|153.6125|791.3875
[2016-01-21 14:55:25.883] [DEBUG] 9998-roll - |9998|power|401.22|244.82|151.20499999999998|797.2449999999999
[2016-01-21 14:55:25.883] [DEBUG] 9998-roll - |9998|power|380.475|256.37|154.0925|790.9375
[2016-01-21 14:55:25.883] [DEBUG] 9998-roll - |9998|getEquipPower|10102
[2016-01-21 14:55:25.883] [DEBUG] 9998-roll - |9998|getEquipPower|10107
[2016-01-21 14:55:25.883] [DEBUG] 9998-roll - |9998|getEquipPower|10111
[2016-01-21 14:55:25.883] [DEBUG] 9998-roll - |9998|power|391.6575|259.895|154.97375|806.52625
[2016-01-21 14:55:25.884] [DEBUG] 9998-roll - |9998|power|411.342|249.302|152.3255|812.9695
[2016-01-21 14:55:25.884] [DEBUG] 9998-roll - |9998|power|388.52250000000004|262.007|155.50175000000002|806.0312500000001
[2016-01-21 14:55:25.884] [DEBUG] 9998-roll - |9998|getEquipPower|10102
[2016-01-21 14:55:25.884] [DEBUG] 9998-roll - |9998|getEquipPower|10107
[2016-01-21 14:55:25.884] [DEBUG] 9998-roll - |9998|getEquipPower|10111
[2016-01-21 14:55:25.884] [DEBUG] 9998-roll - |9998|power|408.3225|270.78499999999997|157.69625|836.8037499999999
[2016-01-21 14:55:25.884] [DEBUG] 9998-roll - |9998|power|431.586|258.266|154.56650000000002|844.4185000000001
[2016-01-21 14:55:25.885] [DEBUG] 9998-roll - |9998|power|404.6175|273.281|158.32025|836.21875
[2016-01-21 14:55:25.885] [DEBUG] 9998-roll - |9998|getEquipPower|10102
[2016-01-21 14:55:25.885] [DEBUG] 9998-roll - |9998|getEquipPower|10107
[2016-01-21 14:55:25.885] [DEBUG] 9998-roll - |9998|getEquipPower|10111
[2016-01-21 14:55:25.885] [DEBUG] 9998-roll - |9998|power|424.9875|281.675|160.41875|867.08125
[2016-01-21 14:55:25.885] [DEBUG] 9998-roll - |9998|power|451.83|267.23|156.8075|875.8675
[2016-01-21 14:55:25.885] [DEBUG] 9998-roll - |9998|power|420.71250000000003|284.555|161.13875000000002|866.40625
[2016-01-21 14:55:25.885] [DEBUG] 9998-roll - |9998|getEquipPower|10102
[2016-01-21 14:55:25.886] [DEBUG] 9998-roll - |9998|getEquipPower|10107
[2016-01-21 14:55:25.886] [DEBUG] 9998-roll - |9998|getEquipPower|10111
[2016-01-21 14:55:25.886] [DEBUG] 9998-roll - |9998|power|449.985|298.01|164.5025|912.4975
[2016-01-21 14:55:25.886] [DEBUG] 9998-roll - |9998|power|482.196|280.676|160.16899999999998|923.041
[2016-01-21 14:55:25.887] [DEBUG] 9998-roll - |9998|power|444.855|301.466|165.3665|911.6875
[2016-01-21 14:55:25.887] [DEBUG] 9998-roll - |9998|getEquipPower|10102
[2016-01-21 14:55:25.887] [DEBUG] 9998-roll - |9998|getEquipPower|10107
[2016-01-21 14:55:25.887] [DEBUG] 9998-roll - |9998|getEquipPower|10111
[2016-01-21 14:55:25.887] [DEBUG] 9998-roll - |9998|power|618.36|407.8|206.95|1233.1100000000001
[2016-01-21 14:55:25.887] [DEBUG] 9998-roll - |9998|power|582|437.5|214.3|1233.8
[2016-01-21 14:55:25.887] [DEBUG] 9998-roll - |9998|power|648.78|391.3|202.825|1242.905
[2016-01-21 14:55:25.887] [DEBUG] 9998-roll - |9998|getEquipPower|10102
[2016-01-21 14:55:25.888] [DEBUG] 9998-roll - |9998|getEquipPower|10107
[2016-01-21 14:55:25.888] [DEBUG] 9998-roll - |9998|getEquipPower|10111
[2016-01-21 14:55:25.888] [DEBUG] 9998-roll - |9998|Robot|0|{"uuid":0,"area":"1","userName":"","level":10,"curExp":0,"gold":0,"vip":0,"diamond":0,"power":2266,"posList":{"1":{"heroId":-1,"pos":4,"equipIdList":{"1":10103,"2":0,"3":0,"4":0,"5":0,"6":0}},"2":{"heroId":10003,"pos":5,"equipIdList":{"1":0,"2":0,"3":0,"4":0,"5":0,"6":0}},"3":{"heroId":-1,"pos":6,"equipIdList":{"1":0,"2":0,"3":0,"4":0,"5":0,"6":0}}},"teamList":{"1":{"skillList":[],"heroId":10007,"curExp":0,"level":1,"star":1,"quality":0,"skillSlotList":{"1":{"skillId":0,"level":5},"2":{"skillId":0,"level":5},"3":{"skillId":0,"level":5},"4":{"skillId":0,"level":5},"5":{"skillId":0,"level":5},"6":{"skillId":0,"level":5}},"pos":4,"suitId1":33,"suitId2":34,"suitId3":33,"suitId4":34,"suitId5":33},"2":{"skillList":[],"heroId":10008,"curExp":0,"level":2,"star":1,"quality":0,"skillSlotList":{"1":{"skillId":0,"level":5},"2":{"skillId":0,"level":5},"3":{"skillId":0,"level":5},"4":{"skillId":0,"level":5},"5":{"skillId":0,"level":5},"6":{"skillId":0,"level":5}},"pos":5,"suitId1":37,"suitId2":39,"suitId3":36,"suitId4":38,"suitId5":40},"3":{"skillList":[],"heroId":10009,"curExp":0,"level":3,"star":1,"quality":0,"skillSlotList":{"1":{"skillId":0,"level":5},"2":{"skillId":0,"level":5},"3":{"skillId":0,"level":5},"4":{"skillId":0,"level":5},"5":{"skillId":0,"level":5},"6":{"skillId":0,"level":5}},"pos":6,"suitId1":45,"suitId2":41,"suitId3":44,"suitId4":44,"suitId5":43}},"equipList":{"1":{"1":{"id":10102,"num":1,"star":0,"a1":6,"n1":20,"a2":6,"n2":194,"a3":0,"n3":0,"a4":0,"n4":0,"sa":0,"sn":0,"ss":0}},"2":{"1":{"id":10102,"num":1,"star":0,"a1":6,"n1":20,"a2":6,"n2":194,"a3":0,"n3":0,"a4":0,"n4":0,"sa":0,"sn":0,"ss":0}},"3":{"1":{"id":10102,"num":1,"star":0,"a1":6,"n1":20,"a2":6,"n2":194,"a3":0,"n3":0,"a4":0,"n4":0,"sa":0,"sn":0,"ss":0}}}}
[2016-01-21 14:55:25.888] [DEBUG] 9998-roll - |9998|Robot|1|{"uuid":0,"area":"2","userName":"","level":10,"curExp":0,"gold":0,"vip":0,"diamond":0,"power":3014,"posList":{"1":{"heroId":-1,"pos":4,"equipIdList":{"1":10103,"2":0,"3":0,"4":0,"5":0,"6":0}},"2":{"heroId":10003,"pos":5,"equipIdList":{"1":0,"2":0,"3":0,"4":0,"5":0,"6":0}},"3":{"heroId":-1,"pos":6,"equipIdList":{"1":0,"2":0,"3":0,"4":0,"5":0,"6":0}}},"teamList":{"1":{"skillList":[],"heroId":10010,"curExp":0,"level":5,"star":1,"quality":1,"skillSlotList":{"1":{"skillId":0,"level":5},"2":{"skillId":0,"level":5},"3":{"skillId":0,"level":5},"4":{"skillId":0,"level":5},"5":{"skillId":0,"level":5},"6":{"skillId":0,"level":5}},"pos":4,"suitId1":50,"suitId2":50,"suitId3":47,"suitId4":48,"suitId5":47},"2":{"skillList":[],"heroId":10011,"curExp":0,"level":5,"star":1,"quality":1,"skillSlotList":{"1":{"skillId":0,"level":5},"2":{"skillId":0,"level":5},"3":{"skillId":0,"level":5},"4":{"skillId":0,"level":5},"5":{"skillId":0,"level":5},"6":{"skillId":0,"level":5}},"pos":5,"suitId1":51,"suitId2":55,"suitId3":52,"suitId4":55,"suitId5":52},"3":{"skillList":[],"heroId":10012,"curExp":0,"level":5,"star":1,"quality":1,"skillSlotList":{"1":{"skillId":0,"level":5},"2":{"skillId":0,"level":5},"3":{"skillId":0,"level":5},"4":{"skillId":0,"level":5},"5":{"skillId":0,"level":5},"6":{"skillId":0,"level":5}},"pos":6,"suitId1":57,"suitId2":58,"suitId3":58,"suitId4":57,"suitId5":60}},"equipList":{"1":{"1":{"id":10102,"num":1,"star":0,"a1":6,"n1":20,"a2":6,"n2":194,"a3":0,"n3":0,"a4":0,"n4":0,"sa":0,"sn":0,"ss":0}},"2":{"1":{"id":10107,"num":1,"star":0,"a1":5,"n1":117,"a2":0,"n2":0,"a3":0,"n3":0,"a4":0,"n4":0,"sa":0,"sn":0,"ss":0}},"3":{"1":{"id":10111,"num":1,"star":0,"a1":0,"n1":0,"a2":0,"n2":0,"a3":7,"n3":154,"a4":0,"n4":0,"sa":0,"sn":0,"ss":0}}}}
[2016-01-21 14:55:25.888] [DEBUG] 9998-roll - |9998|Robot|2|{"uuid":0,"area":"3","userName":"","level":10,"curExp":0,"gold":0,"vip":0,"diamond":0,"power":3319,"posList":{"1":{"heroId":-1,"pos":4,"equipIdList":{"1":10103,"2":0,"3":0,"4":0,"5":0,"6":0}},"2":{"heroId":10003,"pos":5,"equipIdList":{"1":0,"2":0,"3":0,"4":0,"5":0,"6":0}},"3":{"heroId":-1,"pos":6,"equipIdList":{"1":0,"2":0,"3":0,"4":0,"5":0,"6":0}}},"teamList":{"1":{"skillList":[],"heroId":10010,"curExp":0,"level":6,"star":1,"quality":1,"skillSlotList":{"1":{"skillId":0,"level":5},"2":{"skillId":0,"level":5},"3":{"skillId":0,"level":5},"4":{"skillId":0,"level":5},"5":{"skillId":0,"level":5},"6":{"skillId":0,"level":5}},"pos":4,"suitId1":47,"suitId2":50,"suitId3":48,"suitId4":47,"suitId5":48},"2":{"skillList":[],"heroId":10011,"curExp":0,"level":6,"star":1,"quality":1,"skillSlotList":{"1":{"skillId":0,"level":5},"2":{"skillId":0,"level":5},"3":{"skillId":0,"level":5},"4":{"skillId":0,"level":5},"5":{"skillId":0,"level":5},"6":{"skillId":0,"level":5}},"pos":5,"suitId1":52,"suitId2":53,"suitId3":55,"suitId4":54,"suitId5":53},"3":{"skillList":[],"heroId":10012,"curExp":0,"level":6,"star":1,"quality":1,"skillSlotList":{"1":{"skillId":0,"level":5},"2":{"skillId":0,"level":5},"3":{"skillId":0,"level":5},"4":{"skillId":0,"level":5},"5":{"skillId":0,"level":5},"6":{"skillId":0,"level":5}},"pos":6,"suitId1":57,"suitId2":59,"suitId3":59,"suitId4":60,"suitId5":56}},"equipList":{"1":{"1":{"id":10102,"num":1,"star":0,"a1":6,"n1":20,"a2":6,"n2":194,"a3":0,"n3":0,"a4":0,"n4":0,"sa":0,"sn":0,"ss":0}},"2":{"1":{"id":10102,"num":1,"star":0,"a1":6,"n1":20,"a2":6,"n2":194,"a3":0,"n3":0,"a4":0,"n4":0,"sa":0,"sn":0,"ss":0}},"3":{"1":{"id":10102,"num":1,"star":0,"a1":6,"n1":20,"a2":6,"n2":194,"a3":0,"n3":0,"a4":0,"n4":0,"sa":0,"sn":0,"ss":0}}}}
[2016-01-21 14:55:25.889] [DEBUG] 9998-roll - |9998|Robot|3|{"uuid":0,"area":"4","userName":"","level":10,"curExp":0,"gold":0,"vip":0,"diamond":0,"power":3107,"posList":{"1":{"heroId":-1,"pos":4,"equipIdList":{"1":10103,"2":0,"3":0,"4":0,"5":0,"6":0}},"2":{"heroId":10003,"pos":5,"equipIdList":{"1":0,"2":0,"3":0,"4":0,"5":0,"6":0}},"3":{"heroId":-1,"pos":6,"equipIdList":{"1":0,"2":0,"3":0,"4":0,"5":0,"6":0}}},"teamList":{"1":{"skillList":[],"heroId":10010,"curExp":0,"level":7,"star":1,"quality":1,"skillSlotList":{"1":{"skillId":0,"level":5},"2":{"skillId":0,"level":5},"3":{"skillId":0,"level":5},"4":{"skillId":0,"level":5},"5":{"skillId":0,"level":5},"6":{"skillId":0,"level":5}},"pos":4,"suitId1":50,"suitId2":48,"suitId3":48,"suitId4":49,"suitId5":50},"2":{"skillList":[],"heroId":10011,"curExp":0,"level":7,"star":1,"quality":1,"skillSlotList":{"1":{"skillId":0,"level":5},"2":{"skillId":0,"level":5},"3":{"skillId":0,"level":5},"4":{"skillId":0,"level":5},"5":{"skillId":0,"level":5},"6":{"skillId":0,"level":5}},"pos":5,"suitId1":55,"suitId2":52,"suitId3":53,"suitId4":52,"suitId5":51},"3":{"skillList":[],"heroId":10012,"curExp":0,"level":7,"star":1,"quality":1,"skillSlotList":{"1":{"skillId":0,"level":5},"2":{"skillId":0,"level":5},"3":{"skillId":0,"level":5},"4":{"skillId":0,"level":5},"5":{"skillId":0,"level":5},"6":{"skillId":0,"level":5}},"pos":6,"suitId1":58,"suitId2":60,"suitId3":59,"suitId4":58,"suitId5":60}},"equipList":{"1":{"1":{"id":10102,"num":1,"star":0,"a1":6,"n1":20,"a2":6,"n2":194,"a3":0,"n3":0,"a4":0,"n4":0,"sa":0,"sn":0,"ss":0}},"2":{"1":{"id":10107,"num":1,"star":0,"a1":5,"n1":117,"a2":0,"n2":0,"a3":0,"n3":0,"a4":0,"n4":0,"sa":0,"sn":0,"ss":0}},"3":{"1":{"id":10111,"num":1,"star":0,"a1":0,"n1":0,"a2":0,"n2":0,"a3":7,"n3":154,"a4":0,"n4":0,"sa":0,"sn":0,"ss":0}}}}
[2016-01-21 14:55:25.889] [DEBUG] 9998-roll - |9998|Robot|4|{"uuid":0,"area":"5","userName":"","level":10,"curExp":0,"gold":0,"vip":0,"diamond":0,"power":3153,"posList":{"1":{"heroId":-1,"pos":4,"equipIdList":{"1":10103,"2":0,"3":0,"4":0,"5":0,"6":0}},"2":{"heroId":10003,"pos":5,"equipIdList":{"1":0,"2":0,"3":0,"4":0,"5":0,"6":0}},"3":{"heroId":-1,"pos":6,"equipIdList":{"1":0,"2":0,"3":0,"4":0,"5":0,"6":0}}},"teamList":{"1":{"skillList":[],"heroId":10010,"curExp":0,"level":8,"star":1,"quality":1,"skillSlotList":{"1":{"skillId":0,"level":5},"2":{"skillId":0,"level":5},"3":{"skillId":0,"level":5},"4":{"skillId":0,"level":5},"5":{"skillId":0,"level":5},"6":{"skillId":0,"level":5}},"pos":4,"suitId1":48,"suitId2":50,"suitId3":48,"suitId4":48,"suitId5":50},"2":{"skillList":[],"heroId":10011,"curExp":0,"level":8,"star":1,"quality":1,"skillSlotList":{"1":{"skillId":0,"level":5},"2":{"skillId":0,"level":5},"3":{"skillId":0,"level":5},"4":{"skillId":0,"level":5},"5":{"skillId":0,"level":5},"6":{"skillId":0,"level":5}},"pos":5,"suitId1":54,"suitId2":54,"suitId3":55,"suitId4":53,"suitId5":55},"3":{"skillList":[],"heroId":10012,"curExp":0,"level":8,"star":1,"quality":1,"skillSlotList":{"1":{"skillId":0,"level":5},"2":{"skillId":0,"level":5},"3":{"skillId":0,"level":5},"4":{"skillId":0,"level":5},"5":{"skillId":0,"level":5},"6":{"skillId":0,"level":5}},"pos":6,"suitId1":60,"suitId2":59,"suitId3":58,"suitId4":58,"suitId5":58}},"equipList":{"1":{"1":{"id":10102,"num":1,"star":0,"a1":6,"n1":20,"a2":6,"n2":194,"a3":0,"n3":0,"a4":0,"n4":0,"sa":0,"sn":0,"ss":0}},"2":{"1":{"id":10107,"num":1,"star":0,"a1":5,"n1":117,"a2":0,"n2":0,"a3":0,"n3":0,"a4":0,"n4":0,"sa":0,"sn":0,"ss":0}},"3":{"1":{"id":10111,"num":1,"star":0,"a1":0,"n1":0,"a2":0,"n2":0,"a3":7,"n3":154,"a4":0,"n4":0,"sa":0,"sn":0,"ss":0}}}}
[2016-01-21 14:55:25.889] [DEBUG] 9998-roll - |9998|Robot|5|{"uuid":0,"area":"6","userName":"","level":10,"curExp":0,"gold":0,"vip":0,"diamond":0,"power":3198,"posList":{"1":{"heroId":-1,"pos":4,"equipIdList":{"1":10103,"2":0,"3":0,"4":0,"5":0,"6":0}},"2":{"heroId":10003,"pos":5,"equipIdList":{"1":0,"2":0,"3":0,"4":0,"5":0,"6":0}},"3":{"heroId":-1,"pos":6,"equipIdList":{"1":0,"2":0,"3":0,"4":0,"5":0,"6":0}}},"teamList":{"1":{"skillList":[],"heroId":10010,"curExp":0,"level":9,"star":1,"quality":1,"skillSlotList":{"1":{"skillId":0,"level":5},"2":{"skillId":0,"level":5},"3":{"skillId":0,"level":5},"4":{"skillId":0,"level":5},"5":{"skillId":0,"level":5},"6":{"skillId":0,"level":5}},"pos":4,"suitId1":46,"suitId2":47,"suitId3":47,"suitId4":50,"suitId5":48},"2":{"skillList":[],"heroId":10011,"curExp":0,"level":9,"star":1,"quality":1,"skillSlotList":{"1":{"skillId":0,"level":5},"2":{"skillId":0,"level":5},"3":{"skillId":0,"level":5},"4":{"skillId":0,"level":5},"5":{"skillId":0,"level":5},"6":{"skillId":0,"level":5}},"pos":5,"suitId1":55,"suitId2":53,"suitId3":55,"suitId4":53,"suitId5":52},"3":{"skillList":[],"heroId":10012,"curExp":0,"level":9,"star":1,"quality":1,"skillSlotList":{"1":{"skillId":0,"level":5},"2":{"skillId":0,"level":5},"3":{"skillId":0,"level":5},"4":{"skillId":0,"level":5},"5":{"skillId":0,"level":5},"6":{"skillId":0,"level":5}},"pos":6,"suitId1":57,"suitId2":57,"suitId3":59,"suitId4":58,"suitId5":60}},"equipList":{"1":{"1":{"id":10102,"num":1,"star":0,"a1":6,"n1":20,"a2":6,"n2":194,"a3":0,"n3":0,"a4":0,"n4":0,"sa":0,"sn":0,"ss":0}},"2":{"1":{"id":10107,"num":1,"star":0,"a1":5,"n1":117,"a2":0,"n2":0,"a3":0,"n3":0,"a4":0,"n4":0,"sa":0,"sn":0,"ss":0}},"3":{"1":{"id":10111,"num":1,"star":0,"a1":0,"n1":0,"a2":0,"n2":0,"a3":7,"n3":154,"a4":0,"n4":0,"sa":0,"sn":0,"ss":0}}}}
[2016-01-21 14:55:25.890] [DEBUG] 9998-roll - |9998|Robot|6|{"uuid":0,"area":"7","userName":"","level":10,"curExp":0,"gold":0,"vip":0,"diamond":0,"power":3244,"posList":{"1":{"heroId":-1,"pos":4,"equipIdList":{"1":10103,"2":0,"3":0,"4":0,"5":0,"6":0}},"2":{"heroId":10003,"pos":5,"equipIdList":{"1":0,"2":0,"3":0,"4":0,"5":0,"6":0}},"3":{"heroId":-1,"pos":6,"equipIdList":{"1":0,"2":0,"3":0,"4":0,"5":0,"6":0}}},"teamList":{"1":{"skillList":[],"heroId":10007,"curExp":0,"level":10,"star":1,"quality":2,"skillSlotList":{"1":{"skillId":0,"level":5},"2":{"skillId":0,"level":5},"3":{"skillId":0,"level":5},"4":{"skillId":0,"level":5},"5":{"skillId":0,"level":5},"6":{"skillId":0,"level":5}},"pos":4,"suitId1":32,"suitId2":34,"suitId3":35,"suitId4":35,"suitId5":33},"2":{"skillList":[],"heroId":10008,"curExp":0,"level":10,"star":1,"quality":2,"skillSlotList":{"1":{"skillId":0,"level":5},"2":{"skillId":0,"level":5},"3":{"skillId":0,"level":5},"4":{"skillId":0,"level":5},"5":{"skillId":0,"level":5},"6":{"skillId":0,"level":5}},"pos":5,"suitId1":37,"suitId2":39,"suitId3":39,"suitId4":40,"suitId5":38},"3":{"skillList":[],"heroId":10009,"curExp":0,"level":10,"star":1,"quality":2,"skillSlotList":{"1":{"skillId":0,"level":5},"2":{"skillId":0,"level":5},"3":{"skillId":0,"level":5},"4":{"skillId":0,"level":5},"5":{"skillId":0,"level":5},"6":{"skillId":0,"level":5}},"pos":6,"suitId1":42,"suitId2":44,"suitId3":45,"suitId4":43,"suitId5":43}},"equipList":{"1":{"1":{"id":10102,"num":1,"star":0,"a1":6,"n1":20,"a2":6,"n2":194,"a3":0,"n3":0,"a4":0,"n4":0,"sa":0,"sn":0,"ss":0}},"2":{"1":{"id":10107,"num":1,"star":0,"a1":5,"n1":117,"a2":0,"n2":0,"a3":0,"n3":0,"a4":0,"n4":0,"sa":0,"sn":0,"ss":0}},"3":{"1":{"id":10111,"num":1,"star":0,"a1":0,"n1":0,"a2":0,"n2":0,"a3":7,"n3":154,"a4":0,"n4":0,"sa":0,"sn":0,"ss":0}}}}
[2016-01-21 14:55:25.890] [DEBUG] 9998-roll - |9998|Robot|7|{"uuid":0,"area":"8","userName":"","level":15,"curExp":0,"gold":0,"vip":0,"diamond":0,"power":3290,"posList":{"1":{"heroId":-1,"pos":4,"equipIdList":{"1":10103,"2":0,"3":0,"4":0,"5":0,"6":0}},"2":{"heroId":10003,"pos":5,"equipIdList":{"1":0,"2":0,"3":0,"4":0,"5":0,"6":0}},"3":{"heroId":-1,"pos":6,"equipIdList":{"1":0,"2":0,"3":0,"4":0,"5":0,"6":0}}},"teamList":{"1":{"skillList":[],"heroId":10007,"curExp":0,"level":11,"star":1,"quality":2,"skillSlotList":{"1":{"skillId":0,"level":5},"2":{"skillId":0,"level":5},"3":{"skillId":0,"level":5},"4":{"skillId":0,"level":5},"5":{"skillId":0,"level":5},"6":{"skillId":0,"level":5}},"pos":4,"suitId1":31,"suitId2":33,"suitId3":35,"suitId4":35,"suitId5":33},"2":{"skillList":[],"heroId":10008,"curExp":0,"level":11,"star":1,"quality":2,"skillSlotList":{"1":{"skillId":0,"level":5},"2":{"skillId":0,"level":5},"3":{"skillId":0,"level":5},"4":{"skillId":0,"level":5},"5":{"skillId":0,"level":5},"6":{"skillId":0,"level":5}},"pos":5,"suitId1":39,"suitId2":38,"suitId3":39,"suitId4":39,"suitId5":38},"3":{"skillList":[],"heroId":10009,"curExp":0,"level":11,"star":1,"quality":2,"skillSlotList":{"1":{"skillId":0,"level":5},"2":{"skillId":0,"level":5},"3":{"skillId":0,"level":5},"4":{"skillId":0,"level":5},"5":{"skillId":0,"level":5},"6":{"skillId":0,"level":5}},"pos":6,"suitId1":41,"suitId2":43,"suitId3":44,"suitId4":45,"suitId5":44}},"equipList":{"1":{"1":{"id":10102,"num":1,"star":0,"a1":6,"n1":20,"a2":6,"n2":194,"a3":0,"n3":0,"a4":0,"n4":0,"sa":0,"sn":0,"ss":0}},"2":{"1":{"id":10107,"num":1,"star":0,"a1":5,"n1":117,"a2":0,"n2":0,"a3":0,"n3":0,"a4":0,"n4":0,"sa":0,"sn":0,"ss":0}},"3":{"1":{"id":10111,"num":1,"star":0,"a1":0,"n1":0,"a2":0,"n2":0,"a3":7,"n3":154,"a4":0,"n4":0,"sa":0,"sn":0,"ss":0}}}}
[2016-01-21 14:55:25.890] [DEBUG] 9998-roll - |9998|Robot|8|{"uuid":0,"area":"9","userName":"","level":15,"curExp":0,"gold":0,"vip":0,"diamond":0,"power":3382,"posList":{"1":{"heroId":-1,"pos":4,"equipIdList":{"1":10103,"2":0,"3":0,"4":0,"5":0,"6":0}},"2":{"heroId":10003,"pos":5,"equipIdList":{"1":0,"2":0,"3":0,"4":0,"5":0,"6":0}},"3":{"heroId":-1,"pos":6,"equipIdList":{"1":0,"2":0,"3":0,"4":0,"5":0,"6":0}}},"teamList":{"1":{"skillList":[],"heroId":10007,"curExp":0,"level":13,"star":1,"quality":2,"skillSlotList":{"1":{"skillId":0,"level":5},"2":{"skillId":0,"level":5},"3":{"skillId":0,"level":5},"4":{"skillId":0,"level":5},"5":{"skillId":0,"level":5},"6":{"skillId":0,"level":5}},"pos":4,"suitId1":35,"suitId2":33,"suitId3":35,"suitId4":35,"suitId5":34},"2":{"skillList":[],"heroId":10008,"curExp":0,"level":13,"star":1,"quality":2,"skillSlotList":{"1":{"skillId":0,"level":5},"2":{"skillId":0,"level":5},"3":{"skillId":0,"level":5},"4":{"skillId":0,"level":5},"5":{"skillId":0,"level":5},"6":{"skillId":0,"level":5}},"pos":5,"suitId1":40,"suitId2":38,"suitId3":39,"suitId4":37,"suitId5":38},"3":{"skillList":[],"heroId":10009,"curExp":0,"level":13,"star":1,"quality":2,"skillSlotList":{"1":{"skillId":0,"level":5},"2":{"skillId":0,"level":5},"3":{"skillId":0,"level":5},"4":{"skillId":0,"level":5},"5":{"skillId":0,"level":5},"6":{"skillId":0,"level":5}},"pos":6,"suitId1":41,"suitId2":45,"suitId3":45,"suitId4":43,"suitId5":43}},"equipList":{"1":{"1":{"id":10102,"num":1,"star":0,"a1":6,"n1":20,"a2":6,"n2":194,"a3":0,"n3":0,"a4":0,"n4":0,"sa":0,"sn":0,"ss":0}},"2":{"1":{"id":10107,"num":1,"star":0,"a1":5,"n1":117,"a2":0,"n2":0,"a3":0,"n3":0,"a4":0,"n4":0,"sa":0,"sn":0,"ss":0}},"3":{"1":{"id":10111,"num":1,"star":0,"a1":0,"n1":0,"a2":0,"n2":0,"a3":7,"n3":154,"a4":0,"n4":0,"sa":0,"sn":0,"ss":0}}}}
[2016-01-21 14:55:25.890] [DEBUG] 9998-roll - |9998|Robot|9|{"uuid":0,"area":"10","userName":"","level":15,"curExp":0,"gold":0,"vip":0,"diamond":0,"power":3474,"posList":{"1":{"heroId":-1,"pos":4,"equipIdList":{"1":10103,"2":0,"3":0,"4":0,"5":0,"6":0}},"2":{"heroId":10003,"pos":5,"equipIdList":{"1":0,"2":0,"3":0,"4":0,"5":0,"6":0}},"3":{"heroId":-1,"pos":6,"equipIdList":{"1":0,"2":0,"3":0,"4":0,"5":0,"6":0}}},"teamList":{"1":{"skillList":[],"heroId":10007,"curExp":0,"level":15,"star":1,"quality":2,"skillSlotList":{"1":{"skillId":0,"level":5},"2":{"skillId":0,"level":5},"3":{"skillId":0,"level":5},"4":{"skillId":0,"level":5},"5":{"skillId":0,"level":5},"6":{"skillId":0,"level":5}},"pos":4,"suitId1":33,"suitId2":31,"suitId3":35,"suitId4":33,"suitId5":35},"2":{"skillList":[],"heroId":10008,"curExp":0,"level":15,"star":1,"quality":2,"skillSlotList":{"1":{"skillId":0,"level":5},"2":{"skillId":0,"level":5},"3":{"skillId":0,"level":5},"4":{"skillId":0,"level":5},"5":{"skillId":0,"level":5},"6":{"skillId":0,"level":5}},"pos":5,"suitId1":37,"suitId2":38,"suitId3":40,"suitId4":38,"suitId5":40},"3":{"skillList":[],"heroId":10009,"curExp":0,"level":15,"star":1,"quality":2,"skillSlotList":{"1":{"skillId":0,"level":5},"2":{"skillId":0,"level":5},"3":{"skillId":0,"level":5},"4":{"skillId":0,"level":5},"5":{"skillId":0,"level":5},"6":{"skillId":0,"level":5}},"pos":6,"suitId1":41,"suitId2":43,"suitId3":45,"suitId4":45,"suitId5":45}},"equipList":{"1":{"1":{"id":10102,"num":1,"star":0,"a1":6,"n1":20,"a2":6,"n2":194,"a3":0,"n3":0,"a4":0,"n4":0,"sa":0,"sn":0,"ss":0}},"2":{"1":{"id":10107,"num":1,"star":0,"a1":5,"n1":117,"a2":0,"n2":0,"a3":0,"n3":0,"a4":0,"n4":0,"sa":0,"sn":0,"ss":0}},"3":{"1":{"id":10111,"num":1,"star":0,"a1":0,"n1":0,"a2":0,"n2":0,"a3":7,"n3":154,"a4":0,"n4":0,"sa":0,"sn":0,"ss":0}}}}
[2016-01-21 14:55:25.890] [DEBUG] 9998-roll - |9998|Robot|10|{"uuid":0,"area":"11","userName":"","level":15,"curExp":0,"gold":0,"vip":0,"diamond":0,"power":3612,"posList":{"1":{"heroId":-1,"pos":4,"equipIdList":{"1":10103,"2":0,"3":0,"4":0,"5":0,"6":0}},"2":{"heroId":10003,"pos":5,"equipIdList":{"1":0,"2":0,"3":0,"4":0,"5":0,"6":0}},"3":{"heroId":-1,"pos":6,"equipIdList":{"1":0,"2":0,"3":0,"4":0,"5":0,"6":0}}},"teamList":{"1":{"skillList":[],"heroId":10007,"curExp":0,"level":18,"star":1,"quality":2,"skillSlotList":{"1":{"skillId":0,"level":5},"2":{"skillId":0,"level":5},"3":{"skillId":0,"level":5},"4":{"skillId":0,"level":5},"5":{"skillId":0,"level":5},"6":{"skillId":0,"level":5}},"pos":4,"suitId1":33,"suitId2":34,"suitId3":32,"suitId4":35,"suitId5":35},"2":{"skillList":[],"heroId":10008,"curExp":0,"level":18,"star":1,"quality":2,"skillSlotList":{"1":{"skillId":0,"level":5},"2":{"skillId":0,"level":5},"3":{"skillId":0,"level":5},"4":{"skillId":0,"level":5},"5":{"skillId":0,"level":5},"6":{"skillId":0,"level":5}},"pos":5,"suitId1":40,"suitId2":39,"suitId3":38,"suitId4":40,"suitId5":38},"3":{"skillList":[],"heroId":10009,"curExp":0,"level":18,"star":1,"quality":2,"skillSlotList":{"1":{"skillId":0,"level":5},"2":{"skillId":0,"level":5},"3":{"skillId":0,"level":5},"4":{"skillId":0,"level":5},"5":{"skillId":0,"level":5},"6":{"skillId":0,"level":5}},"pos":6,"suitId1":43,"suitId2":44,"suitId3":43,"suitId4":41,"suitId5":44}},"equipList":{"1":{"1":{"id":10102,"num":1,"star":0,"a1":6,"n1":20,"a2":6,"n2":194,"a3":0,"n3":0,"a4":0,"n4":0,"sa":0,"sn":0,"ss":0}},"2":{"1":{"id":10107,"num":1,"star":0,"a1":5,"n1":117,"a2":0,"n2":0,"a3":0,"n3":0,"a4":0,"n4":0,"sa":0,"sn":0,"ss":0}},"3":{"1":{"id":10111,"num":1,"star":0,"a1":0,"n1":0,"a2":0,"n2":0,"a3":7,"n3":154,"a4":0,"n4":0,"sa":0,"sn":0,"ss":0}}}}
[2016-01-21 14:55:25.890] [DEBUG] 9998-roll - |9998|Robot|11|{"uuid":0,"area":"12","userName":"","level":20,"curExp":0,"gold":0,"vip":0,"diamond":0,"power":4574,"posList":{"1":{"heroId":-1,"pos":4,"equipIdList":{"1":10103,"2":0,"3":0,"4":0,"5":0,"6":0}},"2":{"heroId":10003,"pos":5,"equipIdList":{"1":0,"2":0,"3":0,"4":0,"5":0,"6":0}},"3":{"heroId":-1,"pos":6,"equipIdList":{"1":0,"2":0,"3":0,"4":0,"5":0,"6":0}}},"teamList":{"1":{"skillList":[],"heroId":10010,"curExp":0,"level":20,"star":1,"quality":3,"skillSlotList":{"1":{"skillId":0,"level":5},"2":{"skillId":0,"level":5},"3":{"skillId":0,"level":5},"4":{"skillId":0,"level":5},"5":{"skillId":0,"level":5},"6":{"skillId":0,"level":5}},"pos":4,"suitId1":50,"suitId2":48,"suitId3":47,"suitId4":50,"suitId5":48},"2":{"skillList":[],"heroId":10011,"curExp":0,"level":20,"star":1,"quality":3,"skillSlotList":{"1":{"skillId":0,"level":5},"2":{"skillId":0,"level":5},"3":{"skillId":0,"level":5},"4":{"skillId":0,"level":5},"5":{"skillId":0,"level":5},"6":{"skillId":0,"level":5}},"pos":5,"suitId1":55,"suitId2":54,"suitId3":54,"suitId4":52,"suitId5":54},"3":{"skillList":[],"heroId":10012,"curExp":0,"level":20,"star":1,"quality":3,"skillSlotList":{"1":{"skillId":0,"level":5},"2":{"skillId":0,"level":5},"3":{"skillId":0,"level":5},"4":{"skillId":0,"level":5},"5":{"skillId":0,"level":5},"6":{"skillId":0,"level":5}},"pos":6,"suitId1":60,"suitId2":58,"suitId3":58,"suitId4":57,"suitId5":59}},"equipList":{"1":{"1":{"id":10102,"num":1,"star":0,"a1":6,"n1":20,"a2":6,"n2":194,"a3":0,"n3":0,"a4":0,"n4":0,"sa":0,"sn":0,"ss":0}},"2":{"1":{"id":10107,"num":1,"star":0,"a1":5,"n1":117,"a2":0,"n2":0,"a3":0,"n3":0,"a4":0,"n4":0,"sa":0,"sn":0,"ss":0}},"3":{"1":{"id":10111,"num":1,"star":0,"a1":0,"n1":0,"a2":0,"n2":0,"a3":7,"n3":154,"a4":0,"n4":0,"sa":0,"sn":0,"ss":0}}}}
[2016-01-21 14:55:25.893] [DEBUG] 9998-roll - |9998|init_data start
[2016-01-21 14:55:25.894] [DEBUG] 9998-roll - |9998|createPvpDay|1
[2016-01-21 14:55:25.894] [DEBUG] 9998-roll - |9998|createPvpDay|2
[2016-01-21 14:55:25.894] [DEBUG] 9998-roll - |9998|createPvpDay|3
[2016-01-21 14:55:25.894] [DEBUG] 9998-roll - |9998|Robot|0|{"uuid":0,"area":"1","userName":"","level":10,"curExp":0,"gold":0,"vip":0,"diamond":0,"power":2266,"posList":{"1":{"heroId":-1,"pos":4,"equipIdList":{"1":10103,"2":0,"3":0,"4":0,"5":0,"6":0}},"2":{"heroId":10003,"pos":5,"equipIdList":{"1":0,"2":0,"3":0,"4":0,"5":0,"6":0}},"3":{"heroId":-1,"pos":6,"equipIdList":{"1":0,"2":0,"3":0,"4":0,"5":0,"6":0}}},"teamList":{"1":{"skillList":[],"heroId":10007,"curExp":0,"level":1,"star":1,"quality":0,"skillSlotList":{"1":{"skillId":0,"level":5},"2":{"skillId":0,"level":5},"3":{"skillId":0,"level":5},"4":{"skillId":0,"level":5},"5":{"skillId":0,"level":5},"6":{"skillId":0,"level":5}},"pos":4,"suitId1":33,"suitId2":34,"suitId3":33,"suitId4":34,"suitId5":33},"2":{"skillList":[],"heroId":10008,"curExp":0,"level":2,"star":1,"quality":0,"skillSlotList":{"1":{"skillId":0,"level":5},"2":{"skillId":0,"level":5},"3":{"skillId":0,"level":5},"4":{"skillId":0,"level":5},"5":{"skillId":0,"level":5},"6":{"skillId":0,"level":5}},"pos":5,"suitId1":37,"suitId2":39,"suitId3":36,"suitId4":38,"suitId5":40},"3":{"skillList":[],"heroId":10009,"curExp":0,"level":3,"star":1,"quality":0,"skillSlotList":{"1":{"skillId":0,"level":5},"2":{"skillId":0,"level":5},"3":{"skillId":0,"level":5},"4":{"skillId":0,"level":5},"5":{"skillId":0,"level":5},"6":{"skillId":0,"level":5}},"pos":6,"suitId1":45,"suitId2":41,"suitId3":44,"suitId4":44,"suitId5":43}},"equipList":{"1":{"1":{"id":10102,"num":1,"star":0,"a1":6,"n1":20,"a2":6,"n2":194,"a3":0,"n3":0,"a4":0,"n4":0,"sa":0,"sn":0,"ss":0}},"2":{"1":{"id":10102,"num":1,"star":0,"a1":6,"n1":20,"a2":6,"n2":194,"a3":0,"n3":0,"a4":0,"n4":0,"sa":0,"sn":0,"ss":0}},"3":{"1":{"id":10102,"num":1,"star":0,"a1":6,"n1":20,"a2":6,"n2":194,"a3":0,"n3":0,"a4":0,"n4":0,"sa":0,"sn":0,"ss":0}}}}
[2016-01-21 14:55:25.894] [DEBUG] 9998-roll - |9998|Robot|1|{"uuid":0,"area":"2","userName":"","level":10,"curExp":0,"gold":0,"vip":0,"diamond":0,"power":3014,"posList":{"1":{"heroId":-1,"pos":4,"equipIdList":{"1":10103,"2":0,"3":0,"4":0,"5":0,"6":0}},"2":{"heroId":10003,"pos":5,"equipIdList":{"1":0,"2":0,"3":0,"4":0,"5":0,"6":0}},"3":{"heroId":-1,"pos":6,"equipIdList":{"1":0,"2":0,"3":0,"4":0,"5":0,"6":0}}},"teamList":{"1":{"skillList":[],"heroId":10010,"curExp":0,"level":5,"star":1,"quality":1,"skillSlotList":{"1":{"skillId":0,"level":5},"2":{"skillId":0,"level":5},"3":{"skillId":0,"level":5},"4":{"skillId":0,"level":5},"5":{"skillId":0,"level":5},"6":{"skillId":0,"level":5}},"pos":4,"suitId1":50,"suitId2":50,"suitId3":47,"suitId4":48,"suitId5":47},"2":{"skillList":[],"heroId":10011,"curExp":0,"level":5,"star":1,"quality":1,"skillSlotList":{"1":{"skillId":0,"level":5},"2":{"skillId":0,"level":5},"3":{"skillId":0,"level":5},"4":{"skillId":0,"level":5},"5":{"skillId":0,"level":5},"6":{"skillId":0,"level":5}},"pos":5,"suitId1":51,"suitId2":55,"suitId3":52,"suitId4":55,"suitId5":52},"3":{"skillList":[],"heroId":10012,"curExp":0,"level":5,"star":1,"quality":1,"skillSlotList":{"1":{"skillId":0,"level":5},"2":{"skillId":0,"level":5},"3":{"skillId":0,"level":5},"4":{"skillId":0,"level":5},"5":{"skillId":0,"level":5},"6":{"skillId":0,"level":5}},"pos":6,"suitId1":57,"suitId2":58,"suitId3":58,"suitId4":57,"suitId5":60}},"equipList":{"1":{"1":{"id":10102,"num":1,"star":0,"a1":6,"n1":20,"a2":6,"n2":194,"a3":0,"n3":0,"a4":0,"n4":0,"sa":0,"sn":0,"ss":0}},"2":{"1":{"id":10107,"num":1,"star":0,"a1":5,"n1":117,"a2":0,"n2":0,"a3":0,"n3":0,"a4":0,"n4":0,"sa":0,"sn":0,"ss":0}},"3":{"1":{"id":10111,"num":1,"star":0,"a1":0,"n1":0,"a2":0,"n2":0,"a3":7,"n3":154,"a4":0,"n4":0,"sa":0,"sn":0,"ss":0}}}}
[2016-01-21 14:55:25.894] [DEBUG] 9998-roll - |9998|Robot|2|{"uuid":0,"area":"3","userName":"","level":10,"curExp":0,"gold":0,"vip":0,"diamond":0,"power":3319,"posList":{"1":{"heroId":-1,"pos":4,"equipIdList":{"1":10103,"2":0,"3":0,"4":0,"5":0,"6":0}},"2":{"heroId":10003,"pos":5,"equipIdList":{"1":0,"2":0,"3":0,"4":0,"5":0,"6":0}},"3":{"heroId":-1,"pos":6,"equipIdList":{"1":0,"2":0,"3":0,"4":0,"5":0,"6":0}}},"teamList":{"1":{"skillList":[],"heroId":10010,"curExp":0,"level":6,"star":1,"quality":1,"skillSlotList":{"1":{"skillId":0,"level":5},"2":{"skillId":0,"level":5},"3":{"skillId":0,"level":5},"4":{"skillId":0,"level":5},"5":{"skillId":0,"level":5},"6":{"skillId":0,"level":5}},"pos":4,"suitId1":47,"suitId2":50,"suitId3":48,"suitId4":47,"suitId5":48},"2":{"skillList":[],"heroId":10011,"curExp":0,"level":6,"star":1,"quality":1,"skillSlotList":{"1":{"skillId":0,"level":5},"2":{"skillId":0,"level":5},"3":{"skillId":0,"level":5},"4":{"skillId":0,"level":5},"5":{"skillId":0,"level":5},"6":{"skillId":0,"level":5}},"pos":5,"suitId1":52,"suitId2":53,"suitId3":55,"suitId4":54,"suitId5":53},"3":{"skillList":[],"heroId":10012,"curExp":0,"level":6,"star":1,"quality":1,"skillSlotList":{"1":{"skillId":0,"level":5},"2":{"skillId":0,"level":5},"3":{"skillId":0,"level":5},"4":{"skillId":0,"level":5},"5":{"skillId":0,"level":5},"6":{"skillId":0,"level":5}},"pos":6,"suitId1":57,"suitId2":59,"suitId3":59,"suitId4":60,"suitId5":56}},"equipList":{"1":{"1":{"id":10102,"num":1,"star":0,"a1":6,"n1":20,"a2":6,"n2":194,"a3":0,"n3":0,"a4":0,"n4":0,"sa":0,"sn":0,"ss":0}},"2":{"1":{"id":10102,"num":1,"star":0,"a1":6,"n1":20,"a2":6,"n2":194,"a3":0,"n3":0,"a4":0,"n4":0,"sa":0,"sn":0,"ss":0}},"3":{"1":{"id":10102,"num":1,"star":0,"a1":6,"n1":20,"a2":6,"n2":194,"a3":0,"n3":0,"a4":0,"n4":0,"sa":0,"sn":0,"ss":0}}}}
[2016-01-21 14:55:25.895] [DEBUG] 9998-roll - |9998|Robot|3|{"uuid":0,"area":"4","userName":"","level":10,"curExp":0,"gold":0,"vip":0,"diamond":0,"power":3107,"posList":{"1":{"heroId":-1,"pos":4,"equipIdList":{"1":10103,"2":0,"3":0,"4":0,"5":0,"6":0}},"2":{"heroId":10003,"pos":5,"equipIdList":{"1":0,"2":0,"3":0,"4":0,"5":0,"6":0}},"3":{"heroId":-1,"pos":6,"equipIdList":{"1":0,"2":0,"3":0,"4":0,"5":0,"6":0}}},"teamList":{"1":{"skillList":[],"heroId":10010,"curExp":0,"level":7,"star":1,"quality":1,"skillSlotList":{"1":{"skillId":0,"level":5},"2":{"skillId":0,"level":5},"3":{"skillId":0,"level":5},"4":{"skillId":0,"level":5},"5":{"skillId":0,"level":5},"6":{"skillId":0,"level":5}},"pos":4,"suitId1":50,"suitId2":48,"suitId3":48,"suitId4":49,"suitId5":50},"2":{"skillList":[],"heroId":10011,"curExp":0,"level":7,"star":1,"quality":1,"skillSlotList":{"1":{"skillId":0,"level":5},"2":{"skillId":0,"level":5},"3":{"skillId":0,"level":5},"4":{"skillId":0,"level":5},"5":{"skillId":0,"level":5},"6":{"skillId":0,"level":5}},"pos":5,"suitId1":55,"suitId2":52,"suitId3":53,"suitId4":52,"suitId5":51},"3":{"skillList":[],"heroId":10012,"curExp":0,"level":7,"star":1,"quality":1,"skillSlotList":{"1":{"skillId":0,"level":5},"2":{"skillId":0,"level":5},"3":{"skillId":0,"level":5},"4":{"skillId":0,"level":5},"5":{"skillId":0,"level":5},"6":{"skillId":0,"level":5}},"pos":6,"suitId1":58,"suitId2":60,"suitId3":59,"suitId4":58,"suitId5":60}},"equipList":{"1":{"1":{"id":10102,"num":1,"star":0,"a1":6,"n1":20,"a2":6,"n2":194,"a3":0,"n3":0,"a4":0,"n4":0,"sa":0,"sn":0,"ss":0}},"2":{"1":{"id":10107,"num":1,"star":0,"a1":5,"n1":117,"a2":0,"n2":0,"a3":0,"n3":0,"a4":0,"n4":0,"sa":0,"sn":0,"ss":0}},"3":{"1":{"id":10111,"num":1,"star":0,"a1":0,"n1":0,"a2":0,"n2":0,"a3":7,"n3":154,"a4":0,"n4":0,"sa":0,"sn":0,"ss":0}}}}
[2016-01-21 14:55:25.899] [DEBUG] 9998-roll - |9998|Robot|4|{"uuid":0,"area":"5","userName":"","level":10,"curExp":0,"gold":0,"vip":0,"diamond":0,"power":3153,"posList":{"1":{"heroId":-1,"pos":4,"equipIdList":{"1":10103,"2":0,"3":0,"4":0,"5":0,"6":0}},"2":{"heroId":10003,"pos":5,"equipIdList":{"1":0,"2":0,"3":0,"4":0,"5":0,"6":0}},"3":{"heroId":-1,"pos":6,"equipIdList":{"1":0,"2":0,"3":0,"4":0,"5":0,"6":0}}},"teamList":{"1":{"skillList":[],"heroId":10010,"curExp":0,"level":8,"star":1,"quality":1,"skillSlotList":{"1":{"skillId":0,"level":5},"2":{"skillId":0,"level":5},"3":{"skillId":0,"level":5},"4":{"skillId":0,"level":5},"5":{"skillId":0,"level":5},"6":{"skillId":0,"level":5}},"pos":4,"suitId1":48,"suitId2":50,"suitId3":48,"suitId4":48,"suitId5":50},"2":{"skillList":[],"heroId":10011,"curExp":0,"level":8,"star":1,"quality":1,"skillSlotList":{"1":{"skillId":0,"level":5},"2":{"skillId":0,"level":5},"3":{"skillId":0,"level":5},"4":{"skillId":0,"level":5},"5":{"skillId":0,"level":5},"6":{"skillId":0,"level":5}},"pos":5,"suitId1":54,"suitId2":54,"suitId3":55,"suitId4":53,"suitId5":55},"3":{"skillList":[],"heroId":10012,"curExp":0,"level":8,"star":1,"quality":1,"skillSlotList":{"1":{"skillId":0,"level":5},"2":{"skillId":0,"level":5},"3":{"skillId":0,"level":5},"4":{"skillId":0,"level":5},"5":{"skillId":0,"level":5},"6":{"skillId":0,"level":5}},"pos":6,"suitId1":60,"suitId2":59,"suitId3":58,"suitId4":58,"suitId5":58}},"equipList":{"1":{"1":{"id":10102,"num":1,"star":0,"a1":6,"n1":20,"a2":6,"n2":194,"a3":0,"n3":0,"a4":0,"n4":0,"sa":0,"sn":0,"ss":0}},"2":{"1":{"id":10107,"num":1,"star":0,"a1":5,"n1":117,"a2":0,"n2":0,"a3":0,"n3":0,"a4":0,"n4":0,"sa":0,"sn":0,"ss":0}},"3":{"1":{"id":10111,"num":1,"star":0,"a1":0,"n1":0,"a2":0,"n2":0,"a3":7,"n3":154,"a4":0,"n4":0,"sa":0,"sn":0,"ss":0}}}}
[2016-01-21 14:55:25.899] [DEBUG] 9998-roll - |9998|Robot|5|{"uuid":0,"area":"6","userName":"","level":10,"curExp":0,"gold":0,"vip":0,"diamond":0,"power":3198,"posList":{"1":{"heroId":-1,"pos":4,"equipIdList":{"1":10103,"2":0,"3":0,"4":0,"5":0,"6":0}},"2":{"heroId":10003,"pos":5,"equipIdList":{"1":0,"2":0,"3":0,"4":0,"5":0,"6":0}},"3":{"heroId":-1,"pos":6,"equipIdList":{"1":0,"2":0,"3":0,"4":0,"5":0,"6":0}}},"teamList":{"1":{"skillList":[],"heroId":10010,"curExp":0,"level":9,"star":1,"quality":1,"skillSlotList":{"1":{"skillId":0,"level":5},"2":{"skillId":0,"level":5},"3":{"skillId":0,"level":5},"4":{"skillId":0,"level":5},"5":{"skillId":0,"level":5},"6":{"skillId":0,"level":5}},"pos":4,"suitId1":46,"suitId2":47,"suitId3":47,"suitId4":50,"suitId5":48},"2":{"skillList":[],"heroId":10011,"curExp":0,"level":9,"star":1,"quality":1,"skillSlotList":{"1":{"skillId":0,"level":5},"2":{"skillId":0,"level":5},"3":{"skillId":0,"level":5},"4":{"skillId":0,"level":5},"5":{"skillId":0,"level":5},"6":{"skillId":0,"level":5}},"pos":5,"suitId1":55,"suitId2":53,"suitId3":55,"suitId4":53,"suitId5":52},"3":{"skillList":[],"heroId":10012,"curExp":0,"level":9,"star":1,"quality":1,"skillSlotList":{"1":{"skillId":0,"level":5},"2":{"skillId":0,"level":5},"3":{"skillId":0,"level":5},"4":{"skillId":0,"level":5},"5":{"skillId":0,"level":5},"6":{"skillId":0,"level":5}},"pos":6,"suitId1":57,"suitId2":57,"suitId3":59,"suitId4":58,"suitId5":60}},"equipList":{"1":{"1":{"id":10102,"num":1,"star":0,"a1":6,"n1":20,"a2":6,"n2":194,"a3":0,"n3":0,"a4":0,"n4":0,"sa":0,"sn":0,"ss":0}},"2":{"1":{"id":10107,"num":1,"star":0,"a1":5,"n1":117,"a2":0,"n2":0,"a3":0,"n3":0,"a4":0,"n4":0,"sa":0,"sn":0,"ss":0}},"3":{"1":{"id":10111,"num":1,"star":0,"a1":0,"n1":0,"a2":0,"n2":0,"a3":7,"n3":154,"a4":0,"n4":0,"sa":0,"sn":0,"ss":0}}}}
[2016-01-21 14:55:25.899] [DEBUG] 9998-roll - |9998|Robot|6|{"uuid":0,"area":"7","userName":"","level":10,"curExp":0,"gold":0,"vip":0,"diamond":0,"power":3244,"posList":{"1":{"heroId":-1,"pos":4,"equipIdList":{"1":10103,"2":0,"3":0,"4":0,"5":0,"6":0}},"2":{"heroId":10003,"pos":5,"equipIdList":{"1":0,"2":0,"3":0,"4":0,"5":0,"6":0}},"3":{"heroId":-1,"pos":6,"equipIdList":{"1":0,"2":0,"3":0,"4":0,"5":0,"6":0}}},"teamList":{"1":{"skillList":[],"heroId":10007,"curExp":0,"level":10,"star":1,"quality":2,"skillSlotList":{"1":{"skillId":0,"level":5},"2":{"skillId":0,"level":5},"3":{"skillId":0,"level":5},"4":{"skillId":0,"level":5},"5":{"skillId":0,"level":5},"6":{"skillId":0,"level":5}},"pos":4,"suitId1":32,"suitId2":34,"suitId3":35,"suitId4":35,"suitId5":33},"2":{"skillList":[],"heroId":10008,"curExp":0,"level":10,"star":1,"quality":2,"skillSlotList":{"1":{"skillId":0,"level":5},"2":{"skillId":0,"level":5},"3":{"skillId":0,"level":5},"4":{"skillId":0,"level":5},"5":{"skillId":0,"level":5},"6":{"skillId":0,"level":5}},"pos":5,"suitId1":37,"suitId2":39,"suitId3":39,"suitId4":40,"suitId5":38},"3":{"skillList":[],"heroId":10009,"curExp":0,"level":10,"star":1,"quality":2,"skillSlotList":{"1":{"skillId":0,"level":5},"2":{"skillId":0,"level":5},"3":{"skillId":0,"level":5},"4":{"skillId":0,"level":5},"5":{"skillId":0,"level":5},"6":{"skillId":0,"level":5}},"pos":6,"suitId1":42,"suitId2":44,"suitId3":45,"suitId4":43,"suitId5":43}},"equipList":{"1":{"1":{"id":10102,"num":1,"star":0,"a1":6,"n1":20,"a2":6,"n2":194,"a3":0,"n3":0,"a4":0,"n4":0,"sa":0,"sn":0,"ss":0}},"2":{"1":{"id":10107,"num":1,"star":0,"a1":5,"n1":117,"a2":0,"n2":0,"a3":0,"n3":0,"a4":0,"n4":0,"sa":0,"sn":0,"ss":0}},"3":{"1":{"id":10111,"num":1,"star":0,"a1":0,"n1":0,"a2":0,"n2":0,"a3":7,"n3":154,"a4":0,"n4":0,"sa":0,"sn":0,"ss":0}}}}
[2016-01-21 14:55:25.900] [DEBUG] 9998-roll - |9998|Robot|7|{"uuid":0,"area":"8","userName":"","level":15,"curExp":0,"gold":0,"vip":0,"diamond":0,"power":3290,"posList":{"1":{"heroId":-1,"pos":4,"equipIdList":{"1":10103,"2":0,"3":0,"4":0,"5":0,"6":0}},"2":{"heroId":10003,"pos":5,"equipIdList":{"1":0,"2":0,"3":0,"4":0,"5":0,"6":0}},"3":{"heroId":-1,"pos":6,"equipIdList":{"1":0,"2":0,"3":0,"4":0,"5":0,"6":0}}},"teamList":{"1":{"skillList":[],"heroId":10007,"curExp":0,"level":11,"star":1,"quality":2,"skillSlotList":{"1":{"skillId":0,"level":5},"2":{"skillId":0,"level":5},"3":{"skillId":0,"level":5},"4":{"skillId":0,"level":5},"5":{"skillId":0,"level":5},"6":{"skillId":0,"level":5}},"pos":4,"suitId1":31,"suitId2":33,"suitId3":35,"suitId4":35,"suitId5":33},"2":{"skillList":[],"heroId":10008,"curExp":0,"level":11,"star":1,"quality":2,"skillSlotList":{"1":{"skillId":0,"level":5},"2":{"skillId":0,"level":5},"3":{"skillId":0,"level":5},"4":{"skillId":0,"level":5},"5":{"skillId":0,"level":5},"6":{"skillId":0,"level":5}},"pos":5,"suitId1":39,"suitId2":38,"suitId3":39,"suitId4":39,"suitId5":38},"3":{"skillList":[],"heroId":10009,"curExp":0,"level":11,"star":1,"quality":2,"skillSlotList":{"1":{"skillId":0,"level":5},"2":{"skillId":0,"level":5},"3":{"skillId":0,"level":5},"4":{"skillId":0,"level":5},"5":{"skillId":0,"level":5},"6":{"skillId":0,"level":5}},"pos":6,"suitId1":41,"suitId2":43,"suitId3":44,"suitId4":45,"suitId5":44}},"equipList":{"1":{"1":{"id":10102,"num":1,"star":0,"a1":6,"n1":20,"a2":6,"n2":194,"a3":0,"n3":0,"a4":0,"n4":0,"sa":0,"sn":0,"ss":0}},"2":{"1":{"id":10107,"num":1,"star":0,"a1":5,"n1":117,"a2":0,"n2":0,"a3":0,"n3":0,"a4":0,"n4":0,"sa":0,"sn":0,"ss":0}},"3":{"1":{"id":10111,"num":1,"star":0,"a1":0,"n1":0,"a2":0,"n2":0,"a3":7,"n3":154,"a4":0,"n4":0,"sa":0,"sn":0,"ss":0}}}}
[2016-01-21 14:55:25.900] [DEBUG] 9998-roll - |9998|Robot|8|{"uuid":0,"area":"9","userName":"","level":15,"curExp":0,"gold":0,"vip":0,"diamond":0,"power":3382,"posList":{"1":{"heroId":-1,"pos":4,"equipIdList":{"1":10103,"2":0,"3":0,"4":0,"5":0,"6":0}},"2":{"heroId":10003,"pos":5,"equipIdList":{"1":0,"2":0,"3":0,"4":0,"5":0,"6":0}},"3":{"heroId":-1,"pos":6,"equipIdList":{"1":0,"2":0,"3":0,"4":0,"5":0,"6":0}}},"teamList":{"1":{"skillList":[],"heroId":10007,"curExp":0,"level":13,"star":1,"quality":2,"skillSlotList":{"1":{"skillId":0,"level":5},"2":{"skillId":0,"level":5},"3":{"skillId":0,"level":5},"4":{"skillId":0,"level":5},"5":{"skillId":0,"level":5},"6":{"skillId":0,"level":5}},"pos":4,"suitId1":35,"suitId2":33,"suitId3":35,"suitId4":35,"suitId5":34},"2":{"skillList":[],"heroId":10008,"curExp":0,"level":13,"star":1,"quality":2,"skillSlotList":{"1":{"skillId":0,"level":5},"2":{"skillId":0,"level":5},"3":{"skillId":0,"level":5},"4":{"skillId":0,"level":5},"5":{"skillId":0,"level":5},"6":{"skillId":0,"level":5}},"pos":5,"suitId1":40,"suitId2":38,"suitId3":39,"suitId4":37,"suitId5":38},"3":{"skillList":[],"heroId":10009,"curExp":0,"level":13,"star":1,"quality":2,"skillSlotList":{"1":{"skillId":0,"level":5},"2":{"skillId":0,"level":5},"3":{"skillId":0,"level":5},"4":{"skillId":0,"level":5},"5":{"skillId":0,"level":5},"6":{"skillId":0,"level":5}},"pos":6,"suitId1":41,"suitId2":45,"suitId3":45,"suitId4":43,"suitId5":43}},"equipList":{"1":{"1":{"id":10102,"num":1,"star":0,"a1":6,"n1":20,"a2":6,"n2":194,"a3":0,"n3":0,"a4":0,"n4":0,"sa":0,"sn":0,"ss":0}},"2":{"1":{"id":10107,"num":1,"star":0,"a1":5,"n1":117,"a2":0,"n2":0,"a3":0,"n3":0,"a4":0,"n4":0,"sa":0,"sn":0,"ss":0}},"3":{"1":{"id":10111,"num":1,"star":0,"a1":0,"n1":0,"a2":0,"n2":0,"a3":7,"n3":154,"a4":0,"n4":0,"sa":0,"sn":0,"ss":0}}}}
[2016-01-21 14:55:25.900] [DEBUG] 9998-roll - |9998|Robot|9|{"uuid":0,"area":"10","userName":"","level":15,"curExp":0,"gold":0,"vip":0,"diamond":0,"power":3474,"posList":{"1":{"heroId":-1,"pos":4,"equipIdList":{"1":10103,"2":0,"3":0,"4":0,"5":0,"6":0}},"2":{"heroId":10003,"pos":5,"equipIdList":{"1":0,"2":0,"3":0,"4":0,"5":0,"6":0}},"3":{"heroId":-1,"pos":6,"equipIdList":{"1":0,"2":0,"3":0,"4":0,"5":0,"6":0}}},"teamList":{"1":{"skillList":[],"heroId":10007,"curExp":0,"level":15,"star":1,"quality":2,"skillSlotList":{"1":{"skillId":0,"level":5},"2":{"skillId":0,"level":5},"3":{"skillId":0,"level":5},"4":{"skillId":0,"level":5},"5":{"skillId":0,"level":5},"6":{"skillId":0,"level":5}},"pos":4,"suitId1":33,"suitId2":31,"suitId3":35,"suitId4":33,"suitId5":35},"2":{"skillList":[],"heroId":10008,"curExp":0,"level":15,"star":1,"quality":2,"skillSlotList":{"1":{"skillId":0,"level":5},"2":{"skillId":0,"level":5},"3":{"skillId":0,"level":5},"4":{"skillId":0,"level":5},"5":{"skillId":0,"level":5},"6":{"skillId":0,"level":5}},"pos":5,"suitId1":37,"suitId2":38,"suitId3":40,"suitId4":38,"suitId5":40},"3":{"skillList":[],"heroId":10009,"curExp":0,"level":15,"star":1,"quality":2,"skillSlotList":{"1":{"skillId":0,"level":5},"2":{"skillId":0,"level":5},"3":{"skillId":0,"level":5},"4":{"skillId":0,"level":5},"5":{"skillId":0,"level":5},"6":{"skillId":0,"level":5}},"pos":6,"suitId1":41,"suitId2":43,"suitId3":45,"suitId4":45,"suitId5":45}},"equipList":{"1":{"1":{"id":10102,"num":1,"star":0,"a1":6,"n1":20,"a2":6,"n2":194,"a3":0,"n3":0,"a4":0,"n4":0,"sa":0,"sn":0,"ss":0}},"2":{"1":{"id":10107,"num":1,"star":0,"a1":5,"n1":117,"a2":0,"n2":0,"a3":0,"n3":0,"a4":0,"n4":0,"sa":0,"sn":0,"ss":0}},"3":{"1":{"id":10111,"num":1,"star":0,"a1":0,"n1":0,"a2":0,"n2":0,"a3":7,"n3":154,"a4":0,"n4":0,"sa":0,"sn":0,"ss":0}}}}
[2016-01-21 14:55:25.900] [DEBUG] 9998-roll - |9998|Robot|10|{"uuid":0,"area":"11","userName":"","level":15,"curExp":0,"gold":0,"vip":0,"diamond":0,"power":3612,"posList":{"1":{"heroId":-1,"pos":4,"equipIdList":{"1":10103,"2":0,"3":0,"4":0,"5":0,"6":0}},"2":{"heroId":10003,"pos":5,"equipIdList":{"1":0,"2":0,"3":0,"4":0,"5":0,"6":0}},"3":{"heroId":-1,"pos":6,"equipIdList":{"1":0,"2":0,"3":0,"4":0,"5":0,"6":0}}},"teamList":{"1":{"skillList":[],"heroId":10007,"curExp":0,"level":18,"star":1,"quality":2,"skillSlotList":{"1":{"skillId":0,"level":5},"2":{"skillId":0,"level":5},"3":{"skillId":0,"level":5},"4":{"skillId":0,"level":5},"5":{"skillId":0,"level":5},"6":{"skillId":0,"level":5}},"pos":4,"suitId1":33,"suitId2":34,"suitId3":32,"suitId4":35,"suitId5":35},"2":{"skillList":[],"heroId":10008,"curExp":0,"level":18,"star":1,"quality":2,"skillSlotList":{"1":{"skillId":0,"level":5},"2":{"skillId":0,"level":5},"3":{"skillId":0,"level":5},"4":{"skillId":0,"level":5},"5":{"skillId":0,"level":5},"6":{"skillId":0,"level":5}},"pos":5,"suitId1":40,"suitId2":39,"suitId3":38,"suitId4":40,"suitId5":38},"3":{"skillList":[],"heroId":10009,"curExp":0,"level":18,"star":1,"quality":2,"skillSlotList":{"1":{"skillId":0,"level":5},"2":{"skillId":0,"level":5},"3":{"skillId":0,"level":5},"4":{"skillId":0,"level":5},"5":{"skillId":0,"level":5},"6":{"skillId":0,"level":5}},"pos":6,"suitId1":43,"suitId2":44,"suitId3":43,"suitId4":41,"suitId5":44}},"equipList":{"1":{"1":{"id":10102,"num":1,"star":0,"a1":6,"n1":20,"a2":6,"n2":194,"a3":0,"n3":0,"a4":0,"n4":0,"sa":0,"sn":0,"ss":0}},"2":{"1":{"id":10107,"num":1,"star":0,"a1":5,"n1":117,"a2":0,"n2":0,"a3":0,"n3":0,"a4":0,"n4":0,"sa":0,"sn":0,"ss":0}},"3":{"1":{"id":10111,"num":1,"star":0,"a1":0,"n1":0,"a2":0,"n2":0,"a3":7,"n3":154,"a4":0,"n4":0,"sa":0,"sn":0,"ss":0}}}}
[2016-01-21 14:55:25.901] [DEBUG] 9998-roll - |9998|Robot|11|{"uuid":0,"area":"12","userName":"","level":20,"curExp":0,"gold":0,"vip":0,"diamond":0,"power":4574,"posList":{"1":{"heroId":-1,"pos":4,"equipIdList":{"1":10103,"2":0,"3":0,"4":0,"5":0,"6":0}},"2":{"heroId":10003,"pos":5,"equipIdList":{"1":0,"2":0,"3":0,"4":0,"5":0,"6":0}},"3":{"heroId":-1,"pos":6,"equipIdList":{"1":0,"2":0,"3":0,"4":0,"5":0,"6":0}}},"teamList":{"1":{"skillList":[],"heroId":10010,"curExp":0,"level":20,"star":1,"quality":3,"skillSlotList":{"1":{"skillId":0,"level":5},"2":{"skillId":0,"level":5},"3":{"skillId":0,"level":5},"4":{"skillId":0,"level":5},"5":{"skillId":0,"level":5},"6":{"skillId":0,"level":5}},"pos":4,"suitId1":50,"suitId2":48,"suitId3":47,"suitId4":50,"suitId5":48},"2":{"skillList":[],"heroId":10011,"curExp":0,"level":20,"star":1,"quality":3,"skillSlotList":{"1":{"skillId":0,"level":5},"2":{"skillId":0,"level":5},"3":{"skillId":0,"level":5},"4":{"skillId":0,"level":5},"5":{"skillId":0,"level":5},"6":{"skillId":0,"level":5}},"pos":5,"suitId1":55,"suitId2":54,"suitId3":54,"suitId4":52,"suitId5":54},"3":{"skillList":[],"heroId":10012,"curExp":0,"level":20,"star":1,"quality":3,"skillSlotList":{"1":{"skillId":0,"level":5},"2":{"skillId":0,"level":5},"3":{"skillId":0,"level":5},"4":{"skillId":0,"level":5},"5":{"skillId":0,"level":5},"6":{"skillId":0,"level":5}},"pos":6,"suitId1":60,"suitId2":58,"suitId3":58,"suitId4":57,"suitId5":59}},"equipList":{"1":{"1":{"id":10102,"num":1,"star":0,"a1":6,"n1":20,"a2":6,"n2":194,"a3":0,"n3":0,"a4":0,"n4":0,"sa":0,"sn":0,"ss":0}},"2":{"1":{"id":10107,"num":1,"star":0,"a1":5,"n1":117,"a2":0,"n2":0,"a3":0,"n3":0,"a4":0,"n4":0,"sa":0,"sn":0,"ss":0}},"3":{"1":{"id":10111,"num":1,"star":0,"a1":0,"n1":0,"a2":0,"n2":0,"a3":7,"n3":154,"a4":0,"n4":0,"sa":0,"sn":0,"ss":0}}}}
